{"B:\\Projekt\\pawsome_care\\backend\\app.js": {"path":"B:\\Projekt\\pawsome_care\\backend\\app.js","statementMap":{"0":{"start":{"line":1,"column":16},"end":{"line":1,"column":34}},"1":{"start":{"line":2,"column":19},"end":{"line":2,"column":41}},"2":{"start":{"line":3,"column":13},"end":{"line":3,"column":28}},"3":{"start":{"line":5,"column":18},"end":{"line":5,"column":55}},"4":{"start":{"line":6,"column":28},"end":{"line":6,"column":85}},"5":{"start":{"line":7,"column":19},"end":{"line":7,"column":60}},"6":{"start":{"line":8,"column":26},"end":{"line":8,"column":78}},"7":{"start":{"line":9,"column":21},"end":{"line":9,"column":75}},"8":{"start":{"line":10,"column":22},"end":{"line":10,"column":78}},"9":{"start":{"line":11,"column":22},"end":{"line":11,"column":66}},"10":{"start":{"line":12,"column":21},"end":{"line":12,"column":63}},"11":{"start":{"line":14,"column":28},"end":{"line":14,"column":85}},"12":{"start":{"line":15,"column":21},"end":{"line":15,"column":64}},"13":{"start":{"line":16,"column":19},"end":{"line":16,"column":58}},"14":{"start":{"line":17,"column":20},"end":{"line":17,"column":60}},"15":{"start":{"line":19,"column":12},"end":{"line":19,"column":21}},"16":{"start":{"line":21,"column":0},"end":{"line":21,"column":20}},"17":{"start":{"line":22,"column":0},"end":{"line":22,"column":26}},"18":{"start":{"line":24,"column":0},"end":{"line":24,"column":32}},"19":{"start":{"line":25,"column":0},"end":{"line":25,"column":49}},"20":{"start":{"line":26,"column":0},"end":{"line":26,"column":32}},"21":{"start":{"line":27,"column":0},"end":{"line":27,"column":38}},"22":{"start":{"line":28,"column":0},"end":{"line":28,"column":47}},"23":{"start":{"line":29,"column":0},"end":{"line":29,"column":38}},"24":{"start":{"line":30,"column":0},"end":{"line":30,"column":42}},"25":{"start":{"line":31,"column":0},"end":{"line":31,"column":36}},"26":{"start":{"line":32,"column":0},"end":{"line":32,"column":38}},"27":{"start":{"line":33,"column":0},"end":{"line":33,"column":36}},"28":{"start":{"line":34,"column":0},"end":{"line":34,"column":35}},"29":{"start":{"line":36,"column":0},"end":{"line":38,"column":2}},"30":{"start":{"line":37,"column":4},"end":{"line":37,"column":65}},"31":{"start":{"line":40,"column":0},"end":{"line":42,"column":2}},"32":{"start":{"line":41,"column":4},"end":{"line":41,"column":42}},"33":{"start":{"line":44,"column":0},"end":{"line":44,"column":21}}},"fnMap":{"0":{"name":"(anonymous_0)","decl":{"start":{"line":36,"column":8},"end":{"line":36,"column":9}},"loc":{"start":{"line":36,"column":28},"end":{"line":38,"column":1}},"line":36},"1":{"name":"(anonymous_1)","decl":{"start":{"line":40,"column":8},"end":{"line":40,"column":9}},"loc":{"start":{"line":40,"column":39},"end":{"line":42,"column":1}},"line":40}},"branchMap":{},"s":{"0":7,"1":7,"2":7,"3":7,"4":7,"5":7,"6":7,"7":7,"8":7,"9":7,"10":7,"11":7,"12":7,"13":7,"14":7,"15":7,"16":7,"17":7,"18":7,"19":7,"20":7,"21":7,"22":7,"23":7,"24":7,"25":7,"26":7,"27":7,"28":7,"29":7,"30":0,"31":7,"32":1,"33":7},"f":{"0":0,"1":1},"b":{},"_coverageSchema":"1a1c01bbd47fc00a2c39e90264f33305004495a9","hash":"61b9263cf4288f151264c043005785a47a7ac3d2"}
,"B:\\Projekt\\pawsome_care\\backend\\endpoints\\activationLink\\ActivationLinkRoute.js": {"path":"B:\\Projekt\\pawsome_care\\backend\\endpoints\\activationLink\\ActivationLinkRoute.js","statementMap":{"0":{"start":{"line":1,"column":16},"end":{"line":1,"column":34}},"1":{"start":{"line":2,"column":15},"end":{"line":2,"column":31}},"2":{"start":{"line":4,"column":20},"end":{"line":4,"column":50}},"3":{"start":{"line":6,"column":0},"end":{"line":19,"column":2}},"4":{"start":{"line":7,"column":4},"end":{"line":18,"column":5}},"5":{"start":{"line":8,"column":8},"end":{"line":17,"column":9}},"6":{"start":{"line":9,"column":31},"end":{"line":9,"column":90}},"7":{"start":{"line":10,"column":12},"end":{"line":14,"column":13}},"8":{"start":{"line":11,"column":16},"end":{"line":11,"column":108}},"9":{"start":{"line":13,"column":16},"end":{"line":13,"column":82}},"10":{"start":{"line":16,"column":12},"end":{"line":16,"column":78}},"11":{"start":{"line":21,"column":0},"end":{"line":21,"column":24}}},"fnMap":{"0":{"name":"(anonymous_0)","decl":{"start":{"line":6,"column":27},"end":{"line":6,"column":28}},"loc":{"start":{"line":6,"column":47},"end":{"line":19,"column":1}},"line":6}},"branchMap":{"0":{"loc":{"start":{"line":7,"column":4},"end":{"line":18,"column":5}},"type":"if","locations":[{"start":{"line":7,"column":4},"end":{"line":18,"column":5}},{"start":{},"end":{}}],"line":7},"1":{"loc":{"start":{"line":10,"column":12},"end":{"line":14,"column":13}},"type":"if","locations":[{"start":{"line":10,"column":12},"end":{"line":14,"column":13}},{"start":{"line":12,"column":19},"end":{"line":14,"column":13}}],"line":10}},"s":{"0":7,"1":7,"2":7,"3":7,"4":0,"5":0,"6":0,"7":0,"8":0,"9":0,"10":0,"11":7},"f":{"0":0},"b":{"0":[0,0],"1":[0,0]},"_coverageSchema":"1a1c01bbd47fc00a2c39e90264f33305004495a9","hash":"6b4c458b0336329f6ee502ebea7db48a3dc4c22d"}
,"B:\\Projekt\\pawsome_care\\backend\\endpoints\\activationLink\\ActivationLinkService.js": {"path":"B:\\Projekt\\pawsome_care\\backend\\endpoints\\activationLink\\ActivationLinkService.js","statementMap":{"0":{"start":{"line":1,"column":19},"end":{"line":1,"column":40}},"1":{"start":{"line":2,"column":15},"end":{"line":2,"column":32}},"2":{"start":{"line":6,"column":17},"end":{"line":6,"column":19}},"3":{"start":{"line":7,"column":23},"end":{"line":7,"column":87}},"4":{"start":{"line":8,"column":29},"end":{"line":8,"column":46}},"5":{"start":{"line":9,"column":18},"end":{"line":9,"column":19}},"6":{"start":{"line":10,"column":4},"end":{"line":13,"column":5}},"7":{"start":{"line":11,"column":8},"end":{"line":11,"column":82}},"8":{"start":{"line":12,"column":8},"end":{"line":12,"column":21}},"9":{"start":{"line":14,"column":4},"end":{"line":14,"column":18}},"10":{"start":{"line":18,"column":24},"end":{"line":25,"column":6}},"11":{"start":{"line":26,"column":22},"end":{"line":45,"column":5}},"12":{"start":{"line":46,"column":4},"end":{"line":52,"column":7}},"13":{"start":{"line":47,"column":8},"end":{"line":51,"column":9}},"14":{"start":{"line":55,"column":0},"end":{"line":58,"column":1}}},"fnMap":{"0":{"name":"randomString","decl":{"start":{"line":5,"column":9},"end":{"line":5,"column":21}},"loc":{"start":{"line":5,"column":24},"end":{"line":15,"column":1}},"line":5},"1":{"name":"sendActivationslink","decl":{"start":{"line":17,"column":15},"end":{"line":17,"column":34}},"loc":{"start":{"line":17,"column":51},"end":{"line":53,"column":1}},"line":17},"2":{"name":"(anonymous_2)","decl":{"start":{"line":46,"column":42},"end":{"line":46,"column":43}},"loc":{"start":{"line":46,"column":65},"end":{"line":52,"column":5}},"line":46}},"branchMap":{"0":{"loc":{"start":{"line":22,"column":18},"end":{"line":22,"column":71}},"type":"binary-expr","locations":[{"start":{"line":22,"column":18},"end":{"line":22,"column":40}},{"start":{"line":22,"column":44},"end":{"line":22,"column":71}}],"line":22},"1":{"loc":{"start":{"line":23,"column":18},"end":{"line":23,"column":71}},"type":"binary-expr","locations":[{"start":{"line":23,"column":18},"end":{"line":23,"column":40}},{"start":{"line":23,"column":44},"end":{"line":23,"column":71}}],"line":23},"2":{"loc":{"start":{"line":27,"column":14},"end":{"line":27,"column":67}},"type":"binary-expr","locations":[{"start":{"line":27,"column":14},"end":{"line":27,"column":36}},{"start":{"line":27,"column":40},"end":{"line":27,"column":67}}],"line":27},"3":{"loc":{"start":{"line":47,"column":8},"end":{"line":51,"column":9}},"type":"if","locations":[{"start":{"line":47,"column":8},"end":{"line":51,"column":9}},{"start":{"line":49,"column":15},"end":{"line":51,"column":9}}],"line":47}},"s":{"0":7,"1":7,"2":9,"3":9,"4":9,"5":9,"6":9,"7":90,"8":90,"9":9,"10":8,"11":8,"12":8,"13":0,"14":7},"f":{"0":9,"1":8,"2":0},"b":{"0":[8,0],"1":[8,0],"2":[8,0],"3":[0,0]},"_coverageSchema":"1a1c01bbd47fc00a2c39e90264f33305004495a9","hash":"2e86b99d62b75118c59f53828c9bc8becd8193c9"}
,"B:\\Projekt\\pawsome_care\\backend\\endpoints\\authentication\\AuthenticationRoute.js": {"path":"B:\\Projekt\\pawsome_care\\backend\\endpoints\\authentication\\AuthenticationRoute.js","statementMap":{"0":{"start":{"line":1,"column":16},"end":{"line":1,"column":34}},"1":{"start":{"line":2,"column":15},"end":{"line":2,"column":31}},"2":{"start":{"line":4,"column":30},"end":{"line":4,"column":64}},"3":{"start":{"line":8,"column":0},"end":{"line":37,"column":3}},"4":{"start":{"line":9,"column":26},"end":{"line":9,"column":51}},"5":{"start":{"line":10,"column":4},"end":{"line":36,"column":5}},"6":{"start":{"line":11,"column":8},"end":{"line":30,"column":9}},"7":{"start":{"line":12,"column":36},"end":{"line":12,"column":90}},"8":{"start":{"line":13,"column":12},"end":{"line":24,"column":13}},"9":{"start":{"line":14,"column":16},"end":{"line":21,"column":17}},"10":{"start":{"line":15,"column":20},"end":{"line":15,"column":67}},"11":{"start":{"line":16,"column":20},"end":{"line":16,"column":113}},"12":{"start":{"line":17,"column":20},"end":{"line":17,"column":72}},"13":{"start":{"line":18,"column":20},"end":{"line":18,"column":69}},"14":{"start":{"line":19,"column":20},"end":{"line":19,"column":67}},"15":{"start":{"line":20,"column":20},"end":{"line":20,"column":92}},"16":{"start":{"line":23,"column":16},"end":{"line":23,"column":122}},"17":{"start":{"line":26,"column":12},"end":{"line":26,"column":59}},"18":{"start":{"line":27,"column":12},"end":{"line":27,"column":105}},"19":{"start":{"line":28,"column":12},"end":{"line":28,"column":73}},"20":{"start":{"line":29,"column":12},"end":{"line":29,"column":83}},"21":{"start":{"line":32,"column":8},"end":{"line":32,"column":55}},"22":{"start":{"line":33,"column":8},"end":{"line":33,"column":101}},"23":{"start":{"line":34,"column":8},"end":{"line":34,"column":69}},"24":{"start":{"line":35,"column":8},"end":{"line":35,"column":60}},"25":{"start":{"line":39,"column":0},"end":{"line":39,"column":24}}},"fnMap":{"0":{"name":"(anonymous_0)","decl":{"start":{"line":8,"column":16},"end":{"line":8,"column":17}},"loc":{"start":{"line":8,"column":42},"end":{"line":37,"column":1}},"line":8}},"branchMap":{"0":{"loc":{"start":{"line":10,"column":4},"end":{"line":36,"column":5}},"type":"if","locations":[{"start":{"line":10,"column":4},"end":{"line":36,"column":5}},{"start":{"line":31,"column":11},"end":{"line":36,"column":5}}],"line":10},"1":{"loc":{"start":{"line":13,"column":12},"end":{"line":24,"column":13}},"type":"if","locations":[{"start":{"line":13,"column":12},"end":{"line":24,"column":13}},{"start":{"line":22,"column":19},"end":{"line":24,"column":13}}],"line":13},"2":{"loc":{"start":{"line":14,"column":16},"end":{"line":21,"column":17}},"type":"if","locations":[{"start":{"line":14,"column":16},"end":{"line":21,"column":17}},{"start":{},"end":{}}],"line":14}},"s":{"0":7,"1":7,"2":7,"3":7,"4":106,"5":106,"6":106,"7":106,"8":105,"9":105,"10":105,"11":105,"12":105,"13":105,"14":105,"15":105,"16":0,"17":1,"18":1,"19":1,"20":1,"21":0,"22":0,"23":0,"24":0,"25":7},"f":{"0":106},"b":{"0":[106,0],"1":[105,0],"2":[105,0]},"_coverageSchema":"1a1c01bbd47fc00a2c39e90264f33305004495a9","hash":"125944b8c328509b83f695864e869a5caec72dc6"}
,"B:\\Projekt\\pawsome_care\\backend\\endpoints\\authentication\\AuthenticationService.js": {"path":"B:\\Projekt\\pawsome_care\\backend\\endpoints\\authentication\\AuthenticationService.js","statementMap":{"0":{"start":{"line":1,"column":20},"end":{"line":1,"column":50}},"1":{"start":{"line":2,"column":12},"end":{"line":2,"column":35}},"2":{"start":{"line":3,"column":15},"end":{"line":3,"column":32}},"3":{"start":{"line":4,"column":13},"end":{"line":4,"column":28}},"4":{"start":{"line":8,"column":4},"end":{"line":41,"column":5}},"5":{"start":{"line":9,"column":29},"end":{"line":9,"column":57}},"6":{"start":{"line":10,"column":27},"end":{"line":10,"column":50}},"7":{"start":{"line":11,"column":30},"end":{"line":11,"column":43}},"8":{"start":{"line":12,"column":25},"end":{"line":12,"column":38}},"9":{"start":{"line":13,"column":8},"end":{"line":40,"column":9}},"10":{"start":{"line":15,"column":12},"end":{"line":19,"column":13}},"11":{"start":{"line":16,"column":16},"end":{"line":16,"column":71}},"12":{"start":{"line":18,"column":16},"end":{"line":18,"column":65}},"13":{"start":{"line":20,"column":12},"end":{"line":37,"column":13}},"14":{"start":{"line":21,"column":32},"end":{"line":21,"column":68}},"15":{"start":{"line":22,"column":16},"end":{"line":36,"column":17}},"16":{"start":{"line":23,"column":37},"end":{"line":23,"column":57}},"17":{"start":{"line":24,"column":43},"end":{"line":24,"column":65}},"18":{"start":{"line":25,"column":37},"end":{"line":25,"column":62}},"19":{"start":{"line":26,"column":39},"end":{"line":26,"column":64}},"20":{"start":{"line":27,"column":34},"end":{"line":34,"column":21}},"21":{"start":{"line":35,"column":20},"end":{"line":35,"column":43}},"22":{"start":{"line":39,"column":12},"end":{"line":39,"column":24}},"23":{"start":{"line":46,"column":4},"end":{"line":74,"column":5}},"24":{"start":{"line":47,"column":20},"end":{"line":47,"column":59}},"25":{"start":{"line":48,"column":26},"end":{"line":48,"column":43}},"26":{"start":{"line":49,"column":8},"end":{"line":49,"column":30}},"27":{"start":{"line":50,"column":8},"end":{"line":50,"column":38}},"28":{"start":{"line":51,"column":8},"end":{"line":51,"column":56}},"29":{"start":{"line":52,"column":8},"end":{"line":52,"column":46}},"30":{"start":{"line":53,"column":8},"end":{"line":53,"column":58}},"31":{"start":{"line":54,"column":8},"end":{"line":54,"column":54}},"32":{"start":{"line":55,"column":27},"end":{"line":55,"column":52}},"33":{"start":{"line":56,"column":8},"end":{"line":67,"column":11}},"34":{"start":{"line":57,"column":12},"end":{"line":60,"column":13}},"35":{"start":{"line":58,"column":16},"end":{"line":58,"column":68}},"36":{"start":{"line":59,"column":16},"end":{"line":59,"column":23}},"37":{"start":{"line":61,"column":12},"end":{"line":61,"column":59}},"38":{"start":{"line":62,"column":12},"end":{"line":62,"column":105}},"39":{"start":{"line":63,"column":12},"end":{"line":63,"column":64}},"40":{"start":{"line":64,"column":12},"end":{"line":64,"column":61}},"41":{"start":{"line":65,"column":12},"end":{"line":65,"column":67}},"42":{"start":{"line":66,"column":12},"end":{"line":66,"column":26}},"43":{"start":{"line":69,"column":8},"end":{"line":69,"column":55}},"44":{"start":{"line":70,"column":8},"end":{"line":70,"column":101}},"45":{"start":{"line":71,"column":8},"end":{"line":71,"column":69}},"46":{"start":{"line":72,"column":8},"end":{"line":72,"column":60}},"47":{"start":{"line":73,"column":8},"end":{"line":73,"column":15}},"48":{"start":{"line":77,"column":0},"end":{"line":80,"column":1}}},"fnMap":{"0":{"name":"createToken","decl":{"start":{"line":7,"column":15},"end":{"line":7,"column":26}},"loc":{"start":{"line":7,"column":37},"end":{"line":42,"column":1}},"line":7},"1":{"name":"isAuthenticated","decl":{"start":{"line":45,"column":9},"end":{"line":45,"column":24}},"loc":{"start":{"line":45,"column":41},"end":{"line":75,"column":1}},"line":45},"2":{"name":"(anonymous_2)","decl":{"start":{"line":56,"column":62},"end":{"line":56,"column":63}},"loc":{"start":{"line":56,"column":71},"end":{"line":67,"column":9}},"line":56}},"branchMap":{"0":{"loc":{"start":{"line":8,"column":4},"end":{"line":41,"column":5}},"type":"if","locations":[{"start":{"line":8,"column":4},"end":{"line":41,"column":5}},{"start":{},"end":{}}],"line":8},"1":{"loc":{"start":{"line":15,"column":12},"end":{"line":19,"column":13}},"type":"if","locations":[{"start":{"line":15,"column":12},"end":{"line":19,"column":13}},{"start":{"line":17,"column":19},"end":{"line":19,"column":13}}],"line":15},"2":{"loc":{"start":{"line":20,"column":12},"end":{"line":37,"column":13}},"type":"if","locations":[{"start":{"line":20,"column":12},"end":{"line":37,"column":13}},{"start":{},"end":{}}],"line":20},"3":{"loc":{"start":{"line":22,"column":16},"end":{"line":36,"column":17}},"type":"if","locations":[{"start":{"line":22,"column":16},"end":{"line":36,"column":17}},{"start":{},"end":{}}],"line":22},"4":{"loc":{"start":{"line":46,"column":4},"end":{"line":74,"column":5}},"type":"if","locations":[{"start":{"line":46,"column":4},"end":{"line":74,"column":5}},{"start":{"line":68,"column":11},"end":{"line":74,"column":5}}],"line":46},"5":{"loc":{"start":{"line":57,"column":12},"end":{"line":60,"column":13}},"type":"if","locations":[{"start":{"line":57,"column":12},"end":{"line":60,"column":13}},{"start":{},"end":{}}],"line":57}},"s":{"0":8,"1":8,"2":8,"3":8,"4":106,"5":106,"6":106,"7":106,"8":106,"9":106,"10":106,"11":104,"12":2,"13":106,"14":105,"15":105,"16":105,"17":105,"18":105,"19":105,"20":105,"21":105,"22":0,"23":59,"24":52,"25":52,"26":52,"27":52,"28":52,"29":52,"30":52,"31":52,"32":52,"33":52,"34":52,"35":0,"36":0,"37":52,"38":52,"39":52,"40":52,"41":52,"42":52,"43":7,"44":7,"45":7,"46":7,"47":7,"48":8},"f":{"0":106,"1":59,"2":52},"b":{"0":[106,0],"1":[104,2],"2":[105,1],"3":[105,0],"4":[52,7],"5":[0,52]},"_coverageSchema":"1a1c01bbd47fc00a2c39e90264f33305004495a9","hash":"4f6989079a5e59547918d421c4e3b969c4338aee"}
,"B:\\Projekt\\pawsome_care\\backend\\endpoints\\booking\\BookingModel.js": {"path":"B:\\Projekt\\pawsome_care\\backend\\endpoints\\booking\\BookingModel.js","statementMap":{"0":{"start":{"line":1,"column":17},"end":{"line":1,"column":36}},"1":{"start":{"line":2,"column":15},"end":{"line":2,"column":30}},"2":{"start":{"line":5,"column":23},"end":{"line":27,"column":2}},"3":{"start":{"line":30,"column":22},"end":{"line":87,"column":24}},"4":{"start":{"line":89,"column":16},"end":{"line":89,"column":56}},"5":{"start":{"line":91,"column":0},"end":{"line":91,"column":25}}},"fnMap":{},"branchMap":{},"s":{"0":11,"1":11,"2":11,"3":11,"4":11,"5":11},"f":{},"b":{},"_coverageSchema":"1a1c01bbd47fc00a2c39e90264f33305004495a9","hash":"00af8225d44b753eac2b35a5ef537fb749c154d9"}
,"B:\\Projekt\\pawsome_care\\backend\\endpoints\\booking\\BookingRouter.js": {"path":"B:\\Projekt\\pawsome_care\\backend\\endpoints\\booking\\BookingRouter.js","statementMap":{"0":{"start":{"line":1,"column":16},"end":{"line":1,"column":34}},"1":{"start":{"line":2,"column":62},"end":{"line":2,"column":90}},"2":{"start":{"line":3,"column":54},"end":{"line":3,"column":81}},"3":{"start":{"line":4,"column":28},"end":{"line":4,"column":78}},"4":{"start":{"line":5,"column":22},"end":{"line":5,"column":38}},"5":{"start":{"line":6,"column":16},"end":{"line":6,"column":50}},"6":{"start":{"line":14,"column":0},"end":{"line":36,"column":2}},"7":{"start":{"line":19,"column":23},"end":{"line":19,"column":44}},"8":{"start":{"line":20,"column":8},"end":{"line":22,"column":9}},"9":{"start":{"line":21,"column":12},"end":{"line":21,"column":68}},"10":{"start":{"line":24,"column":23},"end":{"line":24,"column":29}},"11":{"start":{"line":26,"column":8},"end":{"line":34,"column":9}},"12":{"start":{"line":27,"column":29},"end":{"line":27,"column":71}},"13":{"start":{"line":28,"column":12},"end":{"line":28,"column":74}},"14":{"start":{"line":30,"column":29},"end":{"line":30,"column":56}},"15":{"start":{"line":31,"column":12},"end":{"line":31,"column":31}},"16":{"start":{"line":33,"column":12},"end":{"line":33,"column":22}},"17":{"start":{"line":43,"column":0},"end":{"line":76,"column":2}},"18":{"start":{"line":53,"column":23},"end":{"line":53,"column":44}},"19":{"start":{"line":54,"column":8},"end":{"line":56,"column":9}},"20":{"start":{"line":55,"column":12},"end":{"line":55,"column":68}},"21":{"start":{"line":57,"column":23},"end":{"line":57,"column":29}},"22":{"start":{"line":60,"column":8},"end":{"line":62,"column":9}},"23":{"start":{"line":61,"column":12},"end":{"line":61,"column":101}},"24":{"start":{"line":63,"column":8},"end":{"line":74,"column":9}},"25":{"start":{"line":64,"column":32},"end":{"line":69,"column":13}},"26":{"start":{"line":70,"column":29},"end":{"line":70,"column":61}},"27":{"start":{"line":71,"column":12},"end":{"line":71,"column":43}},"28":{"start":{"line":73,"column":12},"end":{"line":73,"column":22}},"29":{"start":{"line":83,"column":0},"end":{"line":116,"column":2}},"30":{"start":{"line":87,"column":23},"end":{"line":87,"column":44}},"31":{"start":{"line":88,"column":8},"end":{"line":90,"column":9}},"32":{"start":{"line":89,"column":12},"end":{"line":89,"column":68}},"33":{"start":{"line":91,"column":23},"end":{"line":91,"column":29}},"34":{"start":{"line":92,"column":19},"end":{"line":92,"column":32}},"35":{"start":{"line":93,"column":23},"end":{"line":93,"column":38}},"36":{"start":{"line":95,"column":8},"end":{"line":114,"column":9}},"37":{"start":{"line":96,"column":28},"end":{"line":96,"column":72}},"38":{"start":{"line":97,"column":12},"end":{"line":99,"column":13}},"39":{"start":{"line":98,"column":16},"end":{"line":98,"column":76}},"40":{"start":{"line":101,"column":12},"end":{"line":103,"column":13}},"41":{"start":{"line":102,"column":16},"end":{"line":102,"column":78}},"42":{"start":{"line":104,"column":12},"end":{"line":106,"column":13}},"43":{"start":{"line":105,"column":16},"end":{"line":105,"column":78}},"44":{"start":{"line":107,"column":32},"end":{"line":107,"column":48}},"45":{"start":{"line":109,"column":36},"end":{"line":109,"column":68}},"46":{"start":{"line":111,"column":12},"end":{"line":111,"column":50}},"47":{"start":{"line":113,"column":12},"end":{"line":113,"column":22}},"48":{"start":{"line":118,"column":0},"end":{"line":118,"column":31}}},"fnMap":{"0":{"name":"(anonymous_0)","decl":{"start":{"line":18,"column":4},"end":{"line":18,"column":5}},"loc":{"start":{"line":18,"column":30},"end":{"line":35,"column":5}},"line":18},"1":{"name":"(anonymous_1)","decl":{"start":{"line":52,"column":4},"end":{"line":52,"column":5}},"loc":{"start":{"line":52,"column":30},"end":{"line":75,"column":5}},"line":52},"2":{"name":"(anonymous_2)","decl":{"start":{"line":86,"column":4},"end":{"line":86,"column":5}},"loc":{"start":{"line":86,"column":30},"end":{"line":115,"column":5}},"line":86}},"branchMap":{"0":{"loc":{"start":{"line":20,"column":8},"end":{"line":22,"column":9}},"type":"if","locations":[{"start":{"line":20,"column":8},"end":{"line":22,"column":9}},{"start":{},"end":{}}],"line":20},"1":{"loc":{"start":{"line":54,"column":8},"end":{"line":56,"column":9}},"type":"if","locations":[{"start":{"line":54,"column":8},"end":{"line":56,"column":9}},{"start":{},"end":{}}],"line":54},"2":{"loc":{"start":{"line":60,"column":8},"end":{"line":62,"column":9}},"type":"if","locations":[{"start":{"line":60,"column":8},"end":{"line":62,"column":9}},{"start":{},"end":{}}],"line":60},"3":{"loc":{"start":{"line":88,"column":8},"end":{"line":90,"column":9}},"type":"if","locations":[{"start":{"line":88,"column":8},"end":{"line":90,"column":9}},{"start":{},"end":{}}],"line":88},"4":{"loc":{"start":{"line":97,"column":12},"end":{"line":99,"column":13}},"type":"if","locations":[{"start":{"line":97,"column":12},"end":{"line":99,"column":13}},{"start":{},"end":{}}],"line":97},"5":{"loc":{"start":{"line":101,"column":12},"end":{"line":103,"column":13}},"type":"if","locations":[{"start":{"line":101,"column":12},"end":{"line":103,"column":13}},{"start":{},"end":{}}],"line":101},"6":{"loc":{"start":{"line":101,"column":16},"end":{"line":101,"column":141}},"type":"binary-expr","locations":[{"start":{"line":101,"column":17},"end":{"line":101,"column":36}},{"start":{"line":101,"column":40},"end":{"line":101,"column":60}},{"start":{"line":101,"column":64},"end":{"line":101,"column":85}},{"start":{"line":101,"column":90},"end":{"line":101,"column":141}}],"line":101},"7":{"loc":{"start":{"line":104,"column":12},"end":{"line":106,"column":13}},"type":"if","locations":[{"start":{"line":104,"column":12},"end":{"line":106,"column":13}},{"start":{},"end":{}}],"line":104},"8":{"loc":{"start":{"line":104,"column":16},"end":{"line":104,"column":115}},"type":"binary-expr","locations":[{"start":{"line":104,"column":17},"end":{"line":104,"column":36}},{"start":{"line":104,"column":40},"end":{"line":104,"column":61}},{"start":{"line":104,"column":66},"end":{"line":104,"column":115}}],"line":104}},"s":{"0":7,"1":7,"2":7,"3":7,"4":7,"5":7,"6":7,"7":5,"8":5,"9":1,"10":4,"11":4,"12":4,"13":4,"14":4,"15":3,"16":1,"17":7,"18":4,"19":4,"20":1,"21":3,"22":3,"23":1,"24":2,"25":2,"26":2,"27":2,"28":0,"29":7,"30":1,"31":1,"32":0,"33":1,"34":1,"35":1,"36":1,"37":1,"38":1,"39":0,"40":1,"41":0,"42":1,"43":0,"44":1,"45":1,"46":1,"47":0,"48":7},"f":{"0":5,"1":4,"2":1},"b":{"0":[1,4],"1":[1,3],"2":[1,2],"3":[0,1],"4":[0,1],"5":[0,1],"6":[1,0,0,1],"7":[0,1],"8":[1,1,0]},"_coverageSchema":"1a1c01bbd47fc00a2c39e90264f33305004495a9","hash":"705401fa535528c4452fbd1be6239d6ea55885f4"}
,"B:\\Projekt\\pawsome_care\\backend\\endpoints\\booking\\BookingService.js": {"path":"B:\\Projekt\\pawsome_care\\backend\\endpoints\\booking\\BookingService.js","statementMap":{"0":{"start":{"line":1,"column":16},"end":{"line":1,"column":50}},"1":{"start":{"line":2,"column":13},"end":{"line":2,"column":44}},"2":{"start":{"line":3,"column":20},"end":{"line":3,"column":62}},"3":{"start":{"line":4,"column":16},"end":{"line":4,"column":62}},"4":{"start":{"line":13,"column":21},"end":{"line":20,"column":11}},"5":{"start":{"line":23,"column":4},"end":{"line":26,"column":5}},"6":{"start":{"line":24,"column":29},"end":{"line":24,"column":53}},"7":{"start":{"line":25,"column":8},"end":{"line":25,"column":66}},"8":{"start":{"line":27,"column":4},"end":{"line":27,"column":20}},"9":{"start":{"line":37,"column":64},"end":{"line":37,"column":68}},"10":{"start":{"line":40,"column":4},"end":{"line":42,"column":5}},"11":{"start":{"line":41,"column":8},"end":{"line":41,"column":46}},"12":{"start":{"line":43,"column":4},"end":{"line":45,"column":5}},"13":{"start":{"line":44,"column":8},"end":{"line":44,"column":43}},"14":{"start":{"line":46,"column":4},"end":{"line":48,"column":5}},"15":{"start":{"line":47,"column":8},"end":{"line":47,"column":67}},"16":{"start":{"line":50,"column":4},"end":{"line":52,"column":5}},"17":{"start":{"line":51,"column":8},"end":{"line":51,"column":72}},"18":{"start":{"line":54,"column":4},"end":{"line":56,"column":5}},"19":{"start":{"line":55,"column":8},"end":{"line":55,"column":66}},"20":{"start":{"line":58,"column":4},"end":{"line":60,"column":5}},"21":{"start":{"line":59,"column":8},"end":{"line":59,"column":72}},"22":{"start":{"line":62,"column":24},"end":{"line":62,"column":86}},"23":{"start":{"line":62,"column":61},"end":{"line":62,"column":82}},"24":{"start":{"line":63,"column":4},"end":{"line":65,"column":5}},"25":{"start":{"line":64,"column":8},"end":{"line":64,"column":79}},"26":{"start":{"line":67,"column":34},"end":{"line":67,"column":89}},"27":{"start":{"line":67,"column":63},"end":{"line":67,"column":88}},"28":{"start":{"line":68,"column":4},"end":{"line":70,"column":5}},"29":{"start":{"line":69,"column":8},"end":{"line":69,"column":73}},"30":{"start":{"line":74,"column":24},"end":{"line":76,"column":5}},"31":{"start":{"line":75,"column":28},"end":{"line":75,"column":115}},"32":{"start":{"line":79,"column":26},"end":{"line":79,"column":35}},"33":{"start":{"line":80,"column":28},"end":{"line":80,"column":32}},"34":{"start":{"line":83,"column":24},"end":{"line":83,"column":111}},"35":{"start":{"line":83,"column":51},"end":{"line":83,"column":110}},"36":{"start":{"line":85,"column":4},"end":{"line":109,"column":5}},"37":{"start":{"line":85,"column":17},"end":{"line":85,"column":18}},"38":{"start":{"line":86,"column":21},"end":{"line":86,"column":35}},"39":{"start":{"line":88,"column":8},"end":{"line":90,"column":9}},"40":{"start":{"line":89,"column":12},"end":{"line":89,"column":89}},"41":{"start":{"line":92,"column":8},"end":{"line":95,"column":9}},"42":{"start":{"line":93,"column":12},"end":{"line":93,"column":38}},"43":{"start":{"line":94,"column":12},"end":{"line":94,"column":18}},"44":{"start":{"line":97,"column":25},"end":{"line":97,"column":59}},"45":{"start":{"line":98,"column":8},"end":{"line":102,"column":9}},"46":{"start":{"line":99,"column":12},"end":{"line":99,"column":35}},"47":{"start":{"line":100,"column":15},"end":{"line":102,"column":9}},"48":{"start":{"line":101,"column":12},"end":{"line":101,"column":67}},"49":{"start":{"line":104,"column":8},"end":{"line":104,"column":51}},"50":{"start":{"line":106,"column":8},"end":{"line":108,"column":9}},"51":{"start":{"line":107,"column":12},"end":{"line":107,"column":58}},"52":{"start":{"line":111,"column":4},"end":{"line":113,"column":5}},"53":{"start":{"line":112,"column":8},"end":{"line":112,"column":64}},"54":{"start":{"line":115,"column":4},"end":{"line":117,"column":5}},"55":{"start":{"line":116,"column":8},"end":{"line":116,"column":65}},"56":{"start":{"line":120,"column":23},"end":{"line":120,"column":58}},"57":{"start":{"line":121,"column":17},"end":{"line":121,"column":36}},"58":{"start":{"line":122,"column":22},"end":{"line":122,"column":41}},"59":{"start":{"line":123,"column":35},"end":{"line":123,"column":58}},"60":{"start":{"line":124,"column":26},"end":{"line":124,"column":70}},"61":{"start":{"line":127,"column":28},"end":{"line":127,"column":100}},"62":{"start":{"line":128,"column":4},"end":{"line":130,"column":5}},"63":{"start":{"line":129,"column":8},"end":{"line":129,"column":46}},"64":{"start":{"line":133,"column":31},"end":{"line":133,"column":61}},"65":{"start":{"line":134,"column":21},"end":{"line":134,"column":22}},"66":{"start":{"line":135,"column":31},"end":{"line":135,"column":32}},"67":{"start":{"line":136,"column":37},"end":{"line":136,"column":39}},"68":{"start":{"line":138,"column":4},"end":{"line":164,"column":7}},"69":{"start":{"line":140,"column":29},"end":{"line":140,"column":63}},"70":{"start":{"line":143,"column":8},"end":{"line":145,"column":9}},"71":{"start":{"line":144,"column":12},"end":{"line":144,"column":93}},"72":{"start":{"line":148,"column":29},"end":{"line":148,"column":47}},"73":{"start":{"line":149,"column":38},"end":{"line":149,"column":82}},"74":{"start":{"line":150,"column":30},"end":{"line":150,"column":66}},"75":{"start":{"line":151,"column":8},"end":{"line":151,"column":49}},"76":{"start":{"line":152,"column":8},"end":{"line":152,"column":36}},"77":{"start":{"line":155,"column":34},"end":{"line":155,"column":85}},"78":{"start":{"line":156,"column":32},"end":{"line":156,"column":61}},"79":{"start":{"line":157,"column":8},"end":{"line":157,"column":48}},"80":{"start":{"line":160,"column":8},"end":{"line":163,"column":11}},"81":{"start":{"line":167,"column":4},"end":{"line":174,"column":5}},"82":{"start":{"line":168,"column":27},"end":{"line":168,"column":72}},"83":{"start":{"line":170,"column":8},"end":{"line":170,"column":73}},"84":{"start":{"line":170,"column":48},"end":{"line":170,"column":71}},"85":{"start":{"line":172,"column":33},"end":{"line":172,"column":143}},"86":{"start":{"line":173,"column":8},"end":{"line":173,"column":48}},"87":{"start":{"line":177,"column":28},"end":{"line":180,"column":7}},"88":{"start":{"line":177,"column":70},"end":{"line":180,"column":5}},"89":{"start":{"line":183,"column":27},"end":{"line":185,"column":5}},"90":{"start":{"line":184,"column":35},"end":{"line":184,"column":134}},"91":{"start":{"line":188,"column":4},"end":{"line":197,"column":7}},"92":{"start":{"line":189,"column":24},"end":{"line":189,"column":36}},"93":{"start":{"line":190,"column":8},"end":{"line":192,"column":9}},"94":{"start":{"line":191,"column":12},"end":{"line":191,"column":83}},"95":{"start":{"line":194,"column":8},"end":{"line":196,"column":9}},"96":{"start":{"line":195,"column":12},"end":{"line":195,"column":86}},"97":{"start":{"line":200,"column":20},"end":{"line":212,"column":6}},"98":{"start":{"line":209,"column":49},"end":{"line":209,"column":60}},"99":{"start":{"line":214,"column":4},"end":{"line":214,"column":25}},"100":{"start":{"line":217,"column":4},"end":{"line":221,"column":5}},"101":{"start":{"line":218,"column":8},"end":{"line":218,"column":34}},"102":{"start":{"line":219,"column":8},"end":{"line":219,"column":35}},"103":{"start":{"line":220,"column":8},"end":{"line":220,"column":26}},"104":{"start":{"line":223,"column":4},"end":{"line":223,"column":19}},"105":{"start":{"line":227,"column":29},"end":{"line":227,"column":56}},"106":{"start":{"line":228,"column":4},"end":{"line":228,"column":32}},"107":{"start":{"line":232,"column":18},"end":{"line":232,"column":42}},"108":{"start":{"line":233,"column":17},"end":{"line":233,"column":41}},"109":{"start":{"line":234,"column":4},"end":{"line":234,"column":80}},"110":{"start":{"line":244,"column":27},"end":{"line":244,"column":31}},"111":{"start":{"line":247,"column":4},"end":{"line":249,"column":5}},"112":{"start":{"line":248,"column":8},"end":{"line":248,"column":51}},"113":{"start":{"line":250,"column":4},"end":{"line":252,"column":5}},"114":{"start":{"line":251,"column":8},"end":{"line":251,"column":52}},"115":{"start":{"line":255,"column":18},"end":{"line":255,"column":62}},"116":{"start":{"line":256,"column":4},"end":{"line":258,"column":5}},"117":{"start":{"line":257,"column":8},"end":{"line":257,"column":59}},"118":{"start":{"line":261,"column":25},"end":{"line":261,"column":101}},"119":{"start":{"line":262,"column":20},"end":{"line":262,"column":46}},"120":{"start":{"line":263,"column":28},"end":{"line":263,"column":103}},"121":{"start":{"line":266,"column":4},"end":{"line":299,"column":5}},"122":{"start":{"line":269,"column":12},"end":{"line":271,"column":13}},"123":{"start":{"line":270,"column":16},"end":{"line":270,"column":84}},"124":{"start":{"line":272,"column":12},"end":{"line":272,"column":40}},"125":{"start":{"line":273,"column":12},"end":{"line":273,"column":55}},"126":{"start":{"line":274,"column":12},"end":{"line":274,"column":18}},"127":{"start":{"line":277,"column":12},"end":{"line":279,"column":13}},"128":{"start":{"line":278,"column":16},"end":{"line":278,"column":84}},"129":{"start":{"line":280,"column":12},"end":{"line":280,"column":40}},"130":{"start":{"line":281,"column":12},"end":{"line":281,"column":61}},"131":{"start":{"line":282,"column":12},"end":{"line":282,"column":18}},"132":{"start":{"line":285,"column":12},"end":{"line":287,"column":13}},"133":{"start":{"line":286,"column":16},"end":{"line":286,"column":95}},"134":{"start":{"line":288,"column":12},"end":{"line":288,"column":41}},"135":{"start":{"line":289,"column":12},"end":{"line":289,"column":61}},"136":{"start":{"line":290,"column":12},"end":{"line":290,"column":18}},"137":{"start":{"line":293,"column":12},"end":{"line":295,"column":13}},"138":{"start":{"line":294,"column":16},"end":{"line":294,"column":110}},"139":{"start":{"line":296,"column":12},"end":{"line":296,"column":41}},"140":{"start":{"line":297,"column":12},"end":{"line":297,"column":61}},"141":{"start":{"line":298,"column":12},"end":{"line":298,"column":18}},"142":{"start":{"line":302,"column":4},"end":{"line":302,"column":35}},"143":{"start":{"line":303,"column":4},"end":{"line":303,"column":19}},"144":{"start":{"line":314,"column":4},"end":{"line":320,"column":5}},"145":{"start":{"line":315,"column":8},"end":{"line":315,"column":32}},"146":{"start":{"line":316,"column":8},"end":{"line":318,"column":9}},"147":{"start":{"line":317,"column":12},"end":{"line":317,"column":32}},"148":{"start":{"line":319,"column":8},"end":{"line":319,"column":26}},"149":{"start":{"line":323,"column":0},"end":{"line":327,"column":2}}},"fnMap":{"0":{"name":"getBookings","decl":{"start":{"line":12,"column":15},"end":{"line":12,"column":26}},"loc":{"start":{"line":12,"column":42},"end":{"line":28,"column":1}},"line":12},"1":{"name":"createBooking","decl":{"start":{"line":35,"column":15},"end":{"line":35,"column":28}},"loc":{"start":{"line":35,"column":35},"end":{"line":224,"column":1}},"line":35},"2":{"name":"(anonymous_2)","decl":{"start":{"line":62,"column":42},"end":{"line":62,"column":43}},"loc":{"start":{"line":62,"column":61},"end":{"line":62,"column":82}},"line":62},"3":{"name":"(anonymous_3)","decl":{"start":{"line":67,"column":51},"end":{"line":67,"column":52}},"loc":{"start":{"line":67,"column":63},"end":{"line":67,"column":88}},"line":67},"4":{"name":"(anonymous_4)","decl":{"start":{"line":75,"column":18},"end":{"line":75,"column":19}},"loc":{"start":{"line":75,"column":28},"end":{"line":75,"column":115}},"line":75},"5":{"name":"(anonymous_5)","decl":{"start":{"line":83,"column":41},"end":{"line":83,"column":42}},"loc":{"start":{"line":83,"column":51},"end":{"line":83,"column":110}},"line":83},"6":{"name":"(anonymous_6)","decl":{"start":{"line":138,"column":23},"end":{"line":138,"column":24}},"loc":{"start":{"line":138,"column":35},"end":{"line":164,"column":5}},"line":138},"7":{"name":"(anonymous_7)","decl":{"start":{"line":170,"column":38},"end":{"line":170,"column":39}},"loc":{"start":{"line":170,"column":48},"end":{"line":170,"column":71}},"line":170},"8":{"name":"(anonymous_8)","decl":{"start":{"line":177,"column":57},"end":{"line":177,"column":58}},"loc":{"start":{"line":177,"column":70},"end":{"line":180,"column":5}},"line":177},"9":{"name":"(anonymous_9)","decl":{"start":{"line":184,"column":22},"end":{"line":184,"column":23}},"loc":{"start":{"line":184,"column":35},"end":{"line":184,"column":134}},"line":184},"10":{"name":"(anonymous_10)","decl":{"start":{"line":188,"column":27},"end":{"line":188,"column":28}},"loc":{"start":{"line":188,"column":38},"end":{"line":197,"column":5}},"line":188},"11":{"name":"(anonymous_11)","decl":{"start":{"line":209,"column":38},"end":{"line":209,"column":39}},"loc":{"start":{"line":209,"column":49},"end":{"line":209,"column":60}},"line":209},"12":{"name":"convertHhmmToMinutes","decl":{"start":{"line":226,"column":9},"end":{"line":226,"column":29}},"loc":{"start":{"line":226,"column":36},"end":{"line":229,"column":1}},"line":226},"13":{"name":"convertMinutesToHhmm","decl":{"start":{"line":231,"column":9},"end":{"line":231,"column":29}},"loc":{"start":{"line":231,"column":39},"end":{"line":235,"column":1}},"line":231},"14":{"name":"manageBooking","decl":{"start":{"line":243,"column":15},"end":{"line":243,"column":28}},"loc":{"start":{"line":243,"column":35},"end":{"line":304,"column":1}},"line":243},"15":{"name":"updateSlotsStatus","decl":{"start":{"line":313,"column":15},"end":{"line":313,"column":32}},"loc":{"start":{"line":313,"column":83},"end":{"line":321,"column":1}},"line":313}},"branchMap":{"0":{"loc":{"start":{"line":12,"column":27},"end":{"line":12,"column":40}},"type":"default-arg","locations":[{"start":{"line":12,"column":38},"end":{"line":12,"column":40}}],"line":12},"1":{"loc":{"start":{"line":23,"column":4},"end":{"line":26,"column":5}},"type":"if","locations":[{"start":{"line":23,"column":4},"end":{"line":26,"column":5}},{"start":{},"end":{}}],"line":23},"2":{"loc":{"start":{"line":40,"column":4},"end":{"line":42,"column":5}},"type":"if","locations":[{"start":{"line":40,"column":4},"end":{"line":42,"column":5}},{"start":{},"end":{}}],"line":40},"3":{"loc":{"start":{"line":43,"column":4},"end":{"line":45,"column":5}},"type":"if","locations":[{"start":{"line":43,"column":4},"end":{"line":45,"column":5}},{"start":{},"end":{}}],"line":43},"4":{"loc":{"start":{"line":43,"column":8},"end":{"line":43,"column":31}},"type":"binary-expr","locations":[{"start":{"line":43,"column":8},"end":{"line":43,"column":14}},{"start":{"line":43,"column":18},"end":{"line":43,"column":31}}],"line":43},"5":{"loc":{"start":{"line":46,"column":4},"end":{"line":48,"column":5}},"type":"if","locations":[{"start":{"line":46,"column":4},"end":{"line":48,"column":5}},{"start":{},"end":{}}],"line":46},"6":{"loc":{"start":{"line":46,"column":8},"end":{"line":46,"column":46}},"type":"binary-expr","locations":[{"start":{"line":46,"column":8},"end":{"line":46,"column":19}},{"start":{"line":46,"column":23},"end":{"line":46,"column":46}}],"line":46},"7":{"loc":{"start":{"line":50,"column":4},"end":{"line":52,"column":5}},"type":"if","locations":[{"start":{"line":50,"column":4},"end":{"line":52,"column":5}},{"start":{},"end":{}}],"line":50},"8":{"loc":{"start":{"line":54,"column":4},"end":{"line":56,"column":5}},"type":"if","locations":[{"start":{"line":54,"column":4},"end":{"line":56,"column":5}},{"start":{},"end":{}}],"line":54},"9":{"loc":{"start":{"line":54,"column":8},"end":{"line":54,"column":44}},"type":"binary-expr","locations":[{"start":{"line":54,"column":8},"end":{"line":54,"column":18}},{"start":{"line":54,"column":22},"end":{"line":54,"column":44}}],"line":54},"10":{"loc":{"start":{"line":58,"column":4},"end":{"line":60,"column":5}},"type":"if","locations":[{"start":{"line":58,"column":4},"end":{"line":60,"column":5}},{"start":{},"end":{}}],"line":58},"11":{"loc":{"start":{"line":63,"column":4},"end":{"line":65,"column":5}},"type":"if","locations":[{"start":{"line":63,"column":4},"end":{"line":65,"column":5}},{"start":{},"end":{}}],"line":63},"12":{"loc":{"start":{"line":68,"column":4},"end":{"line":70,"column":5}},"type":"if","locations":[{"start":{"line":68,"column":4},"end":{"line":70,"column":5}},{"start":{},"end":{}}],"line":68},"13":{"loc":{"start":{"line":88,"column":8},"end":{"line":90,"column":9}},"type":"if","locations":[{"start":{"line":88,"column":8},"end":{"line":90,"column":9}},{"start":{},"end":{}}],"line":88},"14":{"loc":{"start":{"line":92,"column":8},"end":{"line":95,"column":9}},"type":"if","locations":[{"start":{"line":92,"column":8},"end":{"line":95,"column":9}},{"start":{},"end":{}}],"line":92},"15":{"loc":{"start":{"line":98,"column":8},"end":{"line":102,"column":9}},"type":"if","locations":[{"start":{"line":98,"column":8},"end":{"line":102,"column":9}},{"start":{"line":100,"column":15},"end":{"line":102,"column":9}}],"line":98},"16":{"loc":{"start":{"line":100,"column":15},"end":{"line":102,"column":9}},"type":"if","locations":[{"start":{"line":100,"column":15},"end":{"line":102,"column":9}},{"start":{},"end":{}}],"line":100},"17":{"loc":{"start":{"line":106,"column":8},"end":{"line":108,"column":9}},"type":"if","locations":[{"start":{"line":106,"column":8},"end":{"line":108,"column":9}},{"start":{},"end":{}}],"line":106},"18":{"loc":{"start":{"line":106,"column":12},"end":{"line":106,"column":128}},"type":"binary-expr","locations":[{"start":{"line":106,"column":12},"end":{"line":106,"column":38}},{"start":{"line":106,"column":42},"end":{"line":106,"column":128}}],"line":106},"19":{"loc":{"start":{"line":111,"column":4},"end":{"line":113,"column":5}},"type":"if","locations":[{"start":{"line":111,"column":4},"end":{"line":113,"column":5}},{"start":{},"end":{}}],"line":111},"20":{"loc":{"start":{"line":115,"column":4},"end":{"line":117,"column":5}},"type":"if","locations":[{"start":{"line":115,"column":4},"end":{"line":117,"column":5}},{"start":{},"end":{}}],"line":115},"21":{"loc":{"start":{"line":128,"column":4},"end":{"line":130,"column":5}},"type":"if","locations":[{"start":{"line":128,"column":4},"end":{"line":130,"column":5}},{"start":{},"end":{}}],"line":128},"22":{"loc":{"start":{"line":143,"column":8},"end":{"line":145,"column":9}},"type":"if","locations":[{"start":{"line":143,"column":8},"end":{"line":145,"column":9}},{"start":{},"end":{}}],"line":143},"23":{"loc":{"start":{"line":143,"column":12},"end":{"line":143,"column":50}},"type":"binary-expr","locations":[{"start":{"line":143,"column":12},"end":{"line":143,"column":25}},{"start":{"line":143,"column":29},"end":{"line":143,"column":50}}],"line":143},"24":{"loc":{"start":{"line":167,"column":4},"end":{"line":174,"column":5}},"type":"if","locations":[{"start":{"line":167,"column":4},"end":{"line":174,"column":5}},{"start":{},"end":{}}],"line":167},"25":{"loc":{"start":{"line":172,"column":33},"end":{"line":172,"column":143}},"type":"cond-expr","locations":[{"start":{"line":172,"column":52},"end":{"line":172,"column":79}},{"start":{"line":172,"column":82},"end":{"line":172,"column":143}}],"line":172},"26":{"loc":{"start":{"line":190,"column":8},"end":{"line":192,"column":9}},"type":"if","locations":[{"start":{"line":190,"column":8},"end":{"line":192,"column":9}},{"start":{},"end":{}}],"line":190},"27":{"loc":{"start":{"line":194,"column":8},"end":{"line":196,"column":9}},"type":"if","locations":[{"start":{"line":194,"column":8},"end":{"line":196,"column":9}},{"start":{},"end":{}}],"line":194},"28":{"loc":{"start":{"line":194,"column":12},"end":{"line":194,"column":105}},"type":"binary-expr","locations":[{"start":{"line":194,"column":13},"end":{"line":194,"column":33}},{"start":{"line":194,"column":37},"end":{"line":194,"column":55}},{"start":{"line":194,"column":61},"end":{"line":194,"column":81}},{"start":{"line":194,"column":85},"end":{"line":194,"column":104}}],"line":194},"29":{"loc":{"start":{"line":247,"column":4},"end":{"line":249,"column":5}},"type":"if","locations":[{"start":{"line":247,"column":4},"end":{"line":249,"column":5}},{"start":{},"end":{}}],"line":247},"30":{"loc":{"start":{"line":250,"column":4},"end":{"line":252,"column":5}},"type":"if","locations":[{"start":{"line":250,"column":4},"end":{"line":252,"column":5}},{"start":{},"end":{}}],"line":250},"31":{"loc":{"start":{"line":256,"column":4},"end":{"line":258,"column":5}},"type":"if","locations":[{"start":{"line":256,"column":4},"end":{"line":258,"column":5}},{"start":{},"end":{}}],"line":256},"32":{"loc":{"start":{"line":266,"column":4},"end":{"line":299,"column":5}},"type":"switch","locations":[{"start":{"line":267,"column":8},"end":{"line":274,"column":18}},{"start":{"line":275,"column":8},"end":{"line":282,"column":18}},{"start":{"line":283,"column":8},"end":{"line":290,"column":18}},{"start":{"line":291,"column":8},"end":{"line":298,"column":18}}],"line":266},"33":{"loc":{"start":{"line":269,"column":12},"end":{"line":271,"column":13}},"type":"if","locations":[{"start":{"line":269,"column":12},"end":{"line":271,"column":13}},{"start":{},"end":{}}],"line":269},"34":{"loc":{"start":{"line":277,"column":12},"end":{"line":279,"column":13}},"type":"if","locations":[{"start":{"line":277,"column":12},"end":{"line":279,"column":13}},{"start":{},"end":{}}],"line":277},"35":{"loc":{"start":{"line":285,"column":12},"end":{"line":287,"column":13}},"type":"if","locations":[{"start":{"line":285,"column":12},"end":{"line":287,"column":13}},{"start":{},"end":{}}],"line":285},"36":{"loc":{"start":{"line":293,"column":12},"end":{"line":295,"column":13}},"type":"if","locations":[{"start":{"line":293,"column":12},"end":{"line":295,"column":13}},{"start":{},"end":{}}],"line":293},"37":{"loc":{"start":{"line":293,"column":16},"end":{"line":293,"column":64}},"type":"binary-expr","locations":[{"start":{"line":293,"column":16},"end":{"line":293,"column":45}},{"start":{"line":293,"column":49},"end":{"line":293,"column":64}}],"line":293},"38":{"loc":{"start":{"line":313,"column":51},"end":{"line":313,"column":81}},"type":"default-arg","locations":[{"start":{"line":313,"column":76},"end":{"line":313,"column":81}}],"line":313},"39":{"loc":{"start":{"line":316,"column":8},"end":{"line":318,"column":9}},"type":"if","locations":[{"start":{"line":316,"column":8},"end":{"line":318,"column":9}},{"start":{},"end":{}}],"line":316}},"s":{"0":8,"1":8,"2":8,"3":8,"4":8,"5":8,"6":2,"7":2,"8":6,"9":25,"10":25,"11":1,"12":24,"13":1,"14":23,"15":1,"16":22,"17":1,"18":21,"19":1,"20":20,"21":1,"22":19,"23":36,"24":19,"25":1,"26":18,"27":33,"28":18,"29":1,"30":17,"31":33,"32":17,"33":17,"34":17,"35":16,"36":17,"37":17,"38":32,"39":32,"40":1,"41":31,"42":1,"43":1,"44":30,"45":30,"46":17,"47":13,"48":1,"49":29,"50":29,"51":1,"52":14,"53":1,"54":13,"55":1,"56":12,"57":12,"58":12,"59":12,"60":12,"61":12,"62":12,"63":1,"64":11,"65":11,"66":11,"67":11,"68":11,"69":20,"70":20,"71":1,"72":19,"73":19,"74":19,"75":19,"76":19,"77":19,"78":19,"79":19,"80":19,"81":10,"82":8,"83":8,"84":8,"85":8,"86":8,"87":10,"88":19,"89":10,"90":10,"91":10,"92":10,"93":10,"94":1,"95":9,"96":1,"97":8,"98":8,"99":8,"100":8,"101":16,"102":16,"103":16,"104":8,"105":64,"106":64,"107":31,"108":31,"109":31,"110":13,"111":13,"112":1,"113":12,"114":1,"115":11,"116":11,"117":1,"118":10,"119":10,"120":10,"121":10,"122":4,"123":1,"124":3,"125":3,"126":3,"127":2,"128":1,"129":1,"130":1,"131":1,"132":2,"133":1,"134":1,"135":1,"136":1,"137":2,"138":1,"139":1,"140":1,"141":1,"142":6,"143":6,"144":6,"145":12,"146":12,"147":6,"148":12,"149":8},"f":{"0":8,"1":25,"2":36,"3":33,"4":33,"5":16,"6":20,"7":8,"8":19,"9":10,"10":10,"11":8,"12":64,"13":31,"14":13,"15":6},"b":{"0":[1],"1":[2,6],"2":[1,24],"3":[1,23],"4":[24,23],"5":[1,22],"6":[23,22],"7":[1,21],"8":[1,20],"9":[21,20],"10":[1,19],"11":[1,18],"12":[1,17],"13":[1,31],"14":[1,30],"15":[17,13],"16":[1,12],"17":[1,28],"18":[29,16],"19":[1,13],"20":[1,12],"21":[1,11],"22":[1,19],"23":[20,20],"24":[8,2],"25":[0,8],"26":[1,9],"27":[1,8],"28":[9,0,9,9],"29":[1,12],"30":[1,11],"31":[1,10],"32":[4,2,2,2],"33":[1,3],"34":[1,1],"35":[1,1],"36":[1,1],"37":[2,1],"38":[3],"39":[6,6]},"_coverageSchema":"1a1c01bbd47fc00a2c39e90264f33305004495a9","hash":"2849fb42e9939ec1a56182dd99c7027409ff67bd"}
,"B:\\Projekt\\pawsome_care\\backend\\endpoints\\booking\\SlotModel.js": {"path":"B:\\Projekt\\pawsome_care\\backend\\endpoints\\booking\\SlotModel.js","statementMap":{"0":{"start":{"line":1,"column":17},"end":{"line":1,"column":36}},"1":{"start":{"line":2,"column":15},"end":{"line":2,"column":30}},"2":{"start":{"line":5,"column":19},"end":{"line":39,"column":2}},"3":{"start":{"line":41,"column":13},"end":{"line":41,"column":47}},"4":{"start":{"line":43,"column":0},"end":{"line":43,"column":22}}},"fnMap":{},"branchMap":{},"s":{"0":13,"1":13,"2":13,"3":13,"4":13},"f":{},"b":{},"_coverageSchema":"1a1c01bbd47fc00a2c39e90264f33305004495a9","hash":"389848bc43d79bbc21b408e00c633f935b07f9cf"}
,"B:\\Projekt\\pawsome_care\\backend\\endpoints\\booking\\SlotRouter.js": {"path":"B:\\Projekt\\pawsome_care\\backend\\endpoints\\booking\\SlotRouter.js","statementMap":{"0":{"start":{"line":1,"column":16},"end":{"line":1,"column":34}},"1":{"start":{"line":2,"column":62},"end":{"line":2,"column":90}},"2":{"start":{"line":3,"column":45},"end":{"line":3,"column":69}},"3":{"start":{"line":4,"column":28},"end":{"line":4,"column":78}},"4":{"start":{"line":5,"column":19},"end":{"line":5,"column":35}},"5":{"start":{"line":12,"column":0},"end":{"line":33,"column":2}},"6":{"start":{"line":21,"column":23},"end":{"line":21,"column":44}},"7":{"start":{"line":22,"column":8},"end":{"line":24,"column":9}},"8":{"start":{"line":23,"column":12},"end":{"line":23,"column":68}},"9":{"start":{"line":25,"column":8},"end":{"line":31,"column":9}},"10":{"start":{"line":26,"column":29},"end":{"line":26,"column":71}},"11":{"start":{"line":27,"column":26},"end":{"line":27,"column":50}},"12":{"start":{"line":28,"column":12},"end":{"line":28,"column":28}},"13":{"start":{"line":30,"column":12},"end":{"line":30,"column":22}},"14":{"start":{"line":40,"column":0},"end":{"line":63,"column":2}},"15":{"start":{"line":47,"column":23},"end":{"line":47,"column":44}},"16":{"start":{"line":48,"column":8},"end":{"line":50,"column":9}},"17":{"start":{"line":49,"column":12},"end":{"line":49,"column":68}},"18":{"start":{"line":51,"column":8},"end":{"line":61,"column":9}},"19":{"start":{"line":52,"column":29},"end":{"line":56,"column":13}},"20":{"start":{"line":57,"column":26},"end":{"line":57,"column":52}},"21":{"start":{"line":58,"column":12},"end":{"line":58,"column":40}},"22":{"start":{"line":60,"column":12},"end":{"line":60,"column":22}},"23":{"start":{"line":71,"column":0},"end":{"line":94,"column":2}},"24":{"start":{"line":78,"column":23},"end":{"line":78,"column":44}},"25":{"start":{"line":79,"column":8},"end":{"line":81,"column":9}},"26":{"start":{"line":80,"column":12},"end":{"line":80,"column":68}},"27":{"start":{"line":82,"column":8},"end":{"line":92,"column":9}},"28":{"start":{"line":83,"column":29},"end":{"line":87,"column":13}},"29":{"start":{"line":88,"column":12},"end":{"line":88,"column":39}},"30":{"start":{"line":89,"column":12},"end":{"line":89,"column":32}},"31":{"start":{"line":91,"column":12},"end":{"line":91,"column":22}},"32":{"start":{"line":96,"column":0},"end":{"line":96,"column":28}}},"fnMap":{"0":{"name":"(anonymous_0)","decl":{"start":{"line":20,"column":4},"end":{"line":20,"column":5}},"loc":{"start":{"line":20,"column":30},"end":{"line":32,"column":5}},"line":20},"1":{"name":"(anonymous_1)","decl":{"start":{"line":46,"column":4},"end":{"line":46,"column":5}},"loc":{"start":{"line":46,"column":30},"end":{"line":62,"column":5}},"line":46},"2":{"name":"(anonymous_2)","decl":{"start":{"line":77,"column":4},"end":{"line":77,"column":5}},"loc":{"start":{"line":77,"column":30},"end":{"line":93,"column":5}},"line":77}},"branchMap":{"0":{"loc":{"start":{"line":22,"column":8},"end":{"line":24,"column":9}},"type":"if","locations":[{"start":{"line":22,"column":8},"end":{"line":24,"column":9}},{"start":{},"end":{}}],"line":22},"1":{"loc":{"start":{"line":48,"column":8},"end":{"line":50,"column":9}},"type":"if","locations":[{"start":{"line":48,"column":8},"end":{"line":50,"column":9}},{"start":{},"end":{}}],"line":48},"2":{"loc":{"start":{"line":79,"column":8},"end":{"line":81,"column":9}},"type":"if","locations":[{"start":{"line":79,"column":8},"end":{"line":81,"column":9}},{"start":{},"end":{}}],"line":79}},"s":{"0":7,"1":7,"2":7,"3":7,"4":7,"5":7,"6":4,"7":4,"8":1,"9":3,"10":3,"11":3,"12":3,"13":0,"14":7,"15":3,"16":3,"17":1,"18":2,"19":2,"20":2,"21":2,"22":0,"23":7,"24":2,"25":2,"26":1,"27":1,"28":1,"29":1,"30":1,"31":0,"32":7},"f":{"0":4,"1":3,"2":2},"b":{"0":[1,3],"1":[1,2],"2":[1,1]},"_coverageSchema":"1a1c01bbd47fc00a2c39e90264f33305004495a9","hash":"6a8fc81a1ffdd9645bac8ce202e19606ba02bef4"}
,"B:\\Projekt\\pawsome_care\\backend\\endpoints\\booking\\SlotService.js": {"path":"B:\\Projekt\\pawsome_care\\backend\\endpoints\\booking\\SlotService.js","statementMap":{"0":{"start":{"line":1,"column":13},"end":{"line":1,"column":44}},"1":{"start":{"line":10,"column":19},"end":{"line":10,"column":21}},"2":{"start":{"line":11,"column":4},"end":{"line":11,"column":39}},"3":{"start":{"line":14,"column":4},"end":{"line":14,"column":60}},"4":{"start":{"line":14,"column":26},"end":{"line":14,"column":60}},"5":{"start":{"line":15,"column":4},"end":{"line":18,"column":5}},"6":{"start":{"line":17,"column":8},"end":{"line":17,"column":89}},"7":{"start":{"line":17,"column":71},"end":{"line":17,"column":85}},"8":{"start":{"line":19,"column":4},"end":{"line":19,"column":51}},"9":{"start":{"line":19,"column":23},"end":{"line":19,"column":51}},"10":{"start":{"line":20,"column":4},"end":{"line":20,"column":57}},"11":{"start":{"line":20,"column":25},"end":{"line":20,"column":57}},"12":{"start":{"line":21,"column":4},"end":{"line":21,"column":60}},"13":{"start":{"line":21,"column":26},"end":{"line":21,"column":60}},"14":{"start":{"line":24,"column":18},"end":{"line":24,"column":48}},"15":{"start":{"line":27,"column":4},"end":{"line":29,"column":5}},"16":{"start":{"line":28,"column":8},"end":{"line":28,"column":56}},"17":{"start":{"line":32,"column":4},"end":{"line":32,"column":17}},"18":{"start":{"line":42,"column":38},"end":{"line":42,"column":42}},"19":{"start":{"line":45,"column":4},"end":{"line":47,"column":5}},"20":{"start":{"line":46,"column":8},"end":{"line":46,"column":45}},"21":{"start":{"line":48,"column":4},"end":{"line":50,"column":5}},"22":{"start":{"line":49,"column":8},"end":{"line":49,"column":43}},"23":{"start":{"line":51,"column":4},"end":{"line":53,"column":5}},"24":{"start":{"line":52,"column":8},"end":{"line":52,"column":43}},"25":{"start":{"line":55,"column":18},"end":{"line":55,"column":20}},"26":{"start":{"line":58,"column":4},"end":{"line":77,"column":5}},"27":{"start":{"line":59,"column":8},"end":{"line":76,"column":9}},"28":{"start":{"line":60,"column":27},"end":{"line":64,"column":13}},"29":{"start":{"line":67,"column":23},"end":{"line":67,"column":49}},"30":{"start":{"line":68,"column":12},"end":{"line":72,"column":13}},"31":{"start":{"line":70,"column":16},"end":{"line":70,"column":40}},"32":{"start":{"line":71,"column":16},"end":{"line":71,"column":34}},"33":{"start":{"line":75,"column":12},"end":{"line":75,"column":29}},"34":{"start":{"line":80,"column":4},"end":{"line":80,"column":17}},"35":{"start":{"line":90,"column":38},"end":{"line":90,"column":42}},"36":{"start":{"line":93,"column":4},"end":{"line":95,"column":5}},"37":{"start":{"line":94,"column":8},"end":{"line":94,"column":45}},"38":{"start":{"line":96,"column":4},"end":{"line":98,"column":5}},"39":{"start":{"line":97,"column":8},"end":{"line":97,"column":43}},"40":{"start":{"line":99,"column":4},"end":{"line":101,"column":5}},"41":{"start":{"line":100,"column":8},"end":{"line":100,"column":43}},"42":{"start":{"line":104,"column":19},"end":{"line":109,"column":5}},"43":{"start":{"line":112,"column":16},"end":{"line":112,"column":45}},"44":{"start":{"line":115,"column":4},"end":{"line":118,"column":5}},"45":{"start":{"line":117,"column":8},"end":{"line":117,"column":74}},"46":{"start":{"line":121,"column":0},"end":{"line":125,"column":2}}},"fnMap":{"0":{"name":"getSlots","decl":{"start":{"line":9,"column":15},"end":{"line":9,"column":23}},"loc":{"start":{"line":9,"column":39},"end":{"line":33,"column":1}},"line":9},"1":{"name":"(anonymous_1)","decl":{"start":{"line":17,"column":63},"end":{"line":17,"column":64}},"loc":{"start":{"line":17,"column":71},"end":{"line":17,"column":85}},"line":17},"2":{"name":"createSlot","decl":{"start":{"line":41,"column":15},"end":{"line":41,"column":25}},"loc":{"start":{"line":41,"column":32},"end":{"line":81,"column":1}},"line":41},"3":{"name":"deleteSlot","decl":{"start":{"line":89,"column":15},"end":{"line":89,"column":25}},"loc":{"start":{"line":89,"column":32},"end":{"line":119,"column":1}},"line":89}},"branchMap":{"0":{"loc":{"start":{"line":9,"column":24},"end":{"line":9,"column":37}},"type":"default-arg","locations":[{"start":{"line":9,"column":35},"end":{"line":9,"column":37}}],"line":9},"1":{"loc":{"start":{"line":14,"column":4},"end":{"line":14,"column":60}},"type":"if","locations":[{"start":{"line":14,"column":4},"end":{"line":14,"column":60}},{"start":{},"end":{}}],"line":14},"2":{"loc":{"start":{"line":15,"column":4},"end":{"line":18,"column":5}},"type":"if","locations":[{"start":{"line":15,"column":4},"end":{"line":18,"column":5}},{"start":{},"end":{}}],"line":15},"3":{"loc":{"start":{"line":19,"column":4},"end":{"line":19,"column":51}},"type":"if","locations":[{"start":{"line":19,"column":4},"end":{"line":19,"column":51}},{"start":{},"end":{}}],"line":19},"4":{"loc":{"start":{"line":20,"column":4},"end":{"line":20,"column":57}},"type":"if","locations":[{"start":{"line":20,"column":4},"end":{"line":20,"column":57}},{"start":{},"end":{}}],"line":20},"5":{"loc":{"start":{"line":21,"column":4},"end":{"line":21,"column":60}},"type":"if","locations":[{"start":{"line":21,"column":4},"end":{"line":21,"column":60}},{"start":{},"end":{}}],"line":21},"6":{"loc":{"start":{"line":27,"column":4},"end":{"line":29,"column":5}},"type":"if","locations":[{"start":{"line":27,"column":4},"end":{"line":29,"column":5}},{"start":{},"end":{}}],"line":27},"7":{"loc":{"start":{"line":45,"column":4},"end":{"line":47,"column":5}},"type":"if","locations":[{"start":{"line":45,"column":4},"end":{"line":47,"column":5}},{"start":{},"end":{}}],"line":45},"8":{"loc":{"start":{"line":48,"column":4},"end":{"line":50,"column":5}},"type":"if","locations":[{"start":{"line":48,"column":4},"end":{"line":50,"column":5}},{"start":{},"end":{}}],"line":48},"9":{"loc":{"start":{"line":48,"column":8},"end":{"line":48,"column":31}},"type":"binary-expr","locations":[{"start":{"line":48,"column":8},"end":{"line":48,"column":14}},{"start":{"line":48,"column":18},"end":{"line":48,"column":31}}],"line":48},"10":{"loc":{"start":{"line":51,"column":4},"end":{"line":53,"column":5}},"type":"if","locations":[{"start":{"line":51,"column":4},"end":{"line":53,"column":5}},{"start":{},"end":{}}],"line":51},"11":{"loc":{"start":{"line":51,"column":8},"end":{"line":51,"column":31}},"type":"binary-expr","locations":[{"start":{"line":51,"column":8},"end":{"line":51,"column":14}},{"start":{"line":51,"column":18},"end":{"line":51,"column":31}}],"line":51},"12":{"loc":{"start":{"line":68,"column":12},"end":{"line":72,"column":13}},"type":"if","locations":[{"start":{"line":68,"column":12},"end":{"line":72,"column":13}},{"start":{},"end":{}}],"line":68},"13":{"loc":{"start":{"line":93,"column":4},"end":{"line":95,"column":5}},"type":"if","locations":[{"start":{"line":93,"column":4},"end":{"line":95,"column":5}},{"start":{},"end":{}}],"line":93},"14":{"loc":{"start":{"line":96,"column":4},"end":{"line":98,"column":5}},"type":"if","locations":[{"start":{"line":96,"column":4},"end":{"line":98,"column":5}},{"start":{},"end":{}}],"line":96},"15":{"loc":{"start":{"line":96,"column":8},"end":{"line":96,"column":31}},"type":"binary-expr","locations":[{"start":{"line":96,"column":8},"end":{"line":96,"column":14}},{"start":{"line":96,"column":18},"end":{"line":96,"column":31}}],"line":96},"16":{"loc":{"start":{"line":99,"column":4},"end":{"line":101,"column":5}},"type":"if","locations":[{"start":{"line":99,"column":4},"end":{"line":101,"column":5}},{"start":{},"end":{}}],"line":99},"17":{"loc":{"start":{"line":99,"column":8},"end":{"line":99,"column":31}},"type":"binary-expr","locations":[{"start":{"line":99,"column":8},"end":{"line":99,"column":14}},{"start":{"line":99,"column":18},"end":{"line":99,"column":31}}],"line":99},"18":{"loc":{"start":{"line":115,"column":4},"end":{"line":118,"column":5}},"type":"if","locations":[{"start":{"line":115,"column":4},"end":{"line":118,"column":5}},{"start":{},"end":{}}],"line":115}},"s":{"0":8,"1":14,"2":14,"3":14,"4":3,"5":14,"6":8,"7":15,"8":14,"9":3,"10":14,"11":2,"12":14,"13":0,"14":14,"15":14,"16":1,"17":13,"18":8,"19":8,"20":1,"21":7,"22":1,"23":6,"24":1,"25":5,"26":5,"27":11,"28":18,"29":18,"30":18,"31":18,"32":18,"33":18,"34":5,"35":7,"36":7,"37":1,"38":6,"39":1,"40":5,"41":1,"42":4,"43":4,"44":4,"45":1,"46":8},"f":{"0":14,"1":15,"2":8,"3":7},"b":{"0":[4],"1":[3,11],"2":[8,6],"3":[3,11],"4":[2,12],"5":[0,14],"6":[1,13],"7":[1,7],"8":[1,6],"9":[7,6],"10":[1,5],"11":[6,5],"12":[18,0],"13":[1,6],"14":[1,5],"15":[6,5],"16":[1,4],"17":[5,4],"18":[1,3]},"_coverageSchema":"1a1c01bbd47fc00a2c39e90264f33305004495a9","hash":"4462a719425ac433777ad49c67d9432e55e6e434"}
,"B:\\Projekt\\pawsome_care\\backend\\endpoints\\forum\\ForumModel.js": {"path":"B:\\Projekt\\pawsome_care\\backend\\endpoints\\forum\\ForumModel.js","statementMap":{"0":{"start":{"line":1,"column":17},"end":{"line":1,"column":36}},"1":{"start":{"line":11,"column":19},"end":{"line":59,"column":2}},"2":{"start":{"line":61,"column":13},"end":{"line":61,"column":47}},"3":{"start":{"line":64,"column":0},"end":{"line":64,"column":21}}},"fnMap":{},"branchMap":{},"s":{"0":9,"1":9,"2":9,"3":9},"f":{},"b":{},"_coverageSchema":"1a1c01bbd47fc00a2c39e90264f33305004495a9","hash":"9d71d4280eab8cdd769842acbb72e2ccd0a4c243"}
,"B:\\Projekt\\pawsome_care\\backend\\endpoints\\forum\\ForumRouter.js": {"path":"B:\\Projekt\\pawsome_care\\backend\\endpoints\\forum\\ForumRouter.js","statementMap":{"0":{"start":{"line":2,"column":16},"end":{"line":2,"column":34}},"1":{"start":{"line":3,"column":15},"end":{"line":3,"column":31}},"2":{"start":{"line":4,"column":21},"end":{"line":4,"column":46}},"3":{"start":{"line":5,"column":30},"end":{"line":5,"column":80}},"4":{"start":{"line":11,"column":0},"end":{"line":18,"column":3}},"5":{"start":{"line":12,"column":2},"end":{"line":17,"column":3}},"6":{"start":{"line":13,"column":18},"end":{"line":13,"column":50}},"7":{"start":{"line":14,"column":4},"end":{"line":14,"column":20}},"8":{"start":{"line":16,"column":4},"end":{"line":16,"column":49}},"9":{"start":{"line":20,"column":0},"end":{"line":27,"column":3}},"10":{"start":{"line":21,"column":2},"end":{"line":26,"column":3}},"11":{"start":{"line":22,"column":18},"end":{"line":22,"column":76}},"12":{"start":{"line":23,"column":4},"end":{"line":23,"column":20}},"13":{"start":{"line":25,"column":4},"end":{"line":25,"column":49}},"14":{"start":{"line":34,"column":0},"end":{"line":44,"column":3}},"15":{"start":{"line":35,"column":2},"end":{"line":43,"column":3}},"16":{"start":{"line":36,"column":17},"end":{"line":36,"column":62}},"17":{"start":{"line":37,"column":4},"end":{"line":39,"column":5}},"18":{"start":{"line":38,"column":6},"end":{"line":38,"column":63}},"19":{"start":{"line":40,"column":4},"end":{"line":40,"column":31}},"20":{"start":{"line":42,"column":4},"end":{"line":42,"column":49}},"21":{"start":{"line":51,"column":0},"end":{"line":59,"column":3}},"22":{"start":{"line":52,"column":2},"end":{"line":58,"column":3}},"23":{"start":{"line":53,"column":4},"end":{"line":53,"column":27}},"24":{"start":{"line":54,"column":20},"end":{"line":54,"column":59}},"25":{"start":{"line":55,"column":4},"end":{"line":55,"column":34}},"26":{"start":{"line":57,"column":4},"end":{"line":57,"column":49}},"27":{"start":{"line":66,"column":0},"end":{"line":90,"column":3}},"28":{"start":{"line":67,"column":2},"end":{"line":89,"column":3}},"29":{"start":{"line":68,"column":17},"end":{"line":68,"column":62}},"30":{"start":{"line":69,"column":4},"end":{"line":86,"column":5}},"31":{"start":{"line":70,"column":6},"end":{"line":85,"column":7}},"32":{"start":{"line":71,"column":8},"end":{"line":71,"column":30}},"33":{"start":{"line":72,"column":28},"end":{"line":72,"column":82}},"34":{"start":{"line":73,"column":8},"end":{"line":75,"column":9}},"35":{"start":{"line":74,"column":10},"end":{"line":74,"column":67}},"36":{"start":{"line":76,"column":8},"end":{"line":76,"column":42}},"37":{"start":{"line":78,"column":8},"end":{"line":84,"column":9}},"38":{"start":{"line":79,"column":30},"end":{"line":79,"column":84}},"39":{"start":{"line":80,"column":10},"end":{"line":82,"column":11}},"40":{"start":{"line":81,"column":12},"end":{"line":81,"column":69}},"41":{"start":{"line":83,"column":10},"end":{"line":83,"column":44}},"42":{"start":{"line":88,"column":4},"end":{"line":88,"column":49}},"43":{"start":{"line":96,"column":0},"end":{"line":116,"column":3}},"44":{"start":{"line":97,"column":2},"end":{"line":115,"column":3}},"45":{"start":{"line":98,"column":17},"end":{"line":98,"column":62}},"46":{"start":{"line":99,"column":4},"end":{"line":112,"column":5}},"47":{"start":{"line":100,"column":6},"end":{"line":111,"column":7}},"48":{"start":{"line":101,"column":28},"end":{"line":101,"column":72}},"49":{"start":{"line":102,"column":8},"end":{"line":104,"column":9}},"50":{"start":{"line":103,"column":10},"end":{"line":103,"column":67}},"51":{"start":{"line":105,"column":8},"end":{"line":105,"column":30}},"52":{"start":{"line":107,"column":8},"end":{"line":110,"column":9}},"53":{"start":{"line":108,"column":30},"end":{"line":108,"column":74}},"54":{"start":{"line":109,"column":10},"end":{"line":109,"column":32}},"55":{"start":{"line":114,"column":4},"end":{"line":114,"column":49}},"56":{"start":{"line":119,"column":0},"end":{"line":127,"column":3}},"57":{"start":{"line":120,"column":2},"end":{"line":126,"column":3}},"58":{"start":{"line":121,"column":20},"end":{"line":121,"column":38}},"59":{"start":{"line":122,"column":18},"end":{"line":122,"column":64}},"60":{"start":{"line":123,"column":4},"end":{"line":123,"column":20}},"61":{"start":{"line":125,"column":4},"end":{"line":125,"column":49}},"62":{"start":{"line":130,"column":0},"end":{"line":138,"column":3}},"63":{"start":{"line":131,"column":2},"end":{"line":137,"column":3}},"64":{"start":{"line":132,"column":4},"end":{"line":132,"column":27}},"65":{"start":{"line":133,"column":24},"end":{"line":133,"column":78}},"66":{"start":{"line":134,"column":4},"end":{"line":134,"column":38}},"67":{"start":{"line":136,"column":4},"end":{"line":136,"column":49}},"68":{"start":{"line":141,"column":0},"end":{"line":159,"column":3}},"69":{"start":{"line":142,"column":2},"end":{"line":158,"column":3}},"70":{"start":{"line":143,"column":25},"end":{"line":143,"column":96}},"71":{"start":{"line":144,"column":20},"end":{"line":144,"column":35}},"72":{"start":{"line":145,"column":4},"end":{"line":155,"column":5}},"73":{"start":{"line":146,"column":6},"end":{"line":154,"column":7}},"74":{"start":{"line":147,"column":28},"end":{"line":147,"column":119}},"75":{"start":{"line":148,"column":8},"end":{"line":148,"column":42}},"76":{"start":{"line":150,"column":8},"end":{"line":153,"column":9}},"77":{"start":{"line":151,"column":30},"end":{"line":151,"column":121}},"78":{"start":{"line":152,"column":10},"end":{"line":152,"column":44}},"79":{"start":{"line":157,"column":4},"end":{"line":157,"column":49}},"80":{"start":{"line":162,"column":0},"end":{"line":180,"column":3}},"81":{"start":{"line":163,"column":2},"end":{"line":179,"column":3}},"82":{"start":{"line":164,"column":25},"end":{"line":164,"column":96}},"83":{"start":{"line":165,"column":20},"end":{"line":165,"column":35}},"84":{"start":{"line":166,"column":4},"end":{"line":176,"column":5}},"85":{"start":{"line":167,"column":6},"end":{"line":175,"column":7}},"86":{"start":{"line":168,"column":28},"end":{"line":168,"column":101}},"87":{"start":{"line":169,"column":8},"end":{"line":169,"column":42}},"88":{"start":{"line":171,"column":8},"end":{"line":174,"column":9}},"89":{"start":{"line":172,"column":30},"end":{"line":172,"column":103}},"90":{"start":{"line":173,"column":10},"end":{"line":173,"column":44}},"91":{"start":{"line":178,"column":4},"end":{"line":178,"column":49}},"92":{"start":{"line":185,"column":0},"end":{"line":185,"column":24}}},"fnMap":{"0":{"name":"(anonymous_0)","decl":{"start":{"line":11,"column":16},"end":{"line":11,"column":17}},"loc":{"start":{"line":11,"column":36},"end":{"line":18,"column":1}},"line":11},"1":{"name":"(anonymous_1)","decl":{"start":{"line":20,"column":34},"end":{"line":20,"column":35}},"loc":{"start":{"line":20,"column":54},"end":{"line":27,"column":1}},"line":20},"2":{"name":"(anonymous_2)","decl":{"start":{"line":34,"column":19},"end":{"line":34,"column":20}},"loc":{"start":{"line":34,"column":39},"end":{"line":44,"column":1}},"line":34},"3":{"name":"(anonymous_3)","decl":{"start":{"line":51,"column":56},"end":{"line":51,"column":57}},"loc":{"start":{"line":51,"column":76},"end":{"line":59,"column":1}},"line":51},"4":{"name":"(anonymous_4)","decl":{"start":{"line":66,"column":58},"end":{"line":66,"column":59}},"loc":{"start":{"line":66,"column":78},"end":{"line":90,"column":1}},"line":66},"5":{"name":"(anonymous_5)","decl":{"start":{"line":96,"column":61},"end":{"line":96,"column":62}},"loc":{"start":{"line":96,"column":81},"end":{"line":116,"column":1}},"line":96},"6":{"name":"(anonymous_6)","decl":{"start":{"line":119,"column":31},"end":{"line":119,"column":32}},"loc":{"start":{"line":119,"column":51},"end":{"line":127,"column":1}},"line":119},"7":{"name":"(anonymous_7)","decl":{"start":{"line":130,"column":67},"end":{"line":130,"column":68}},"loc":{"start":{"line":130,"column":87},"end":{"line":138,"column":1}},"line":130},"8":{"name":"(anonymous_8)","decl":{"start":{"line":141,"column":81},"end":{"line":141,"column":82}},"loc":{"start":{"line":141,"column":101},"end":{"line":159,"column":1}},"line":141},"9":{"name":"(anonymous_9)","decl":{"start":{"line":162,"column":84},"end":{"line":162,"column":85}},"loc":{"start":{"line":162,"column":104},"end":{"line":180,"column":1}},"line":162}},"branchMap":{"0":{"loc":{"start":{"line":37,"column":4},"end":{"line":39,"column":5}},"type":"if","locations":[{"start":{"line":37,"column":4},"end":{"line":39,"column":5}},{"start":{},"end":{}}],"line":37},"1":{"loc":{"start":{"line":69,"column":4},"end":{"line":86,"column":5}},"type":"if","locations":[{"start":{"line":69,"column":4},"end":{"line":86,"column":5}},{"start":{},"end":{}}],"line":69},"2":{"loc":{"start":{"line":70,"column":6},"end":{"line":85,"column":7}},"type":"if","locations":[{"start":{"line":70,"column":6},"end":{"line":85,"column":7}},{"start":{"line":77,"column":13},"end":{"line":85,"column":7}}],"line":70},"3":{"loc":{"start":{"line":70,"column":10},"end":{"line":70,"column":53}},"type":"binary-expr","locations":[{"start":{"line":70,"column":10},"end":{"line":70,"column":30}},{"start":{"line":70,"column":34},"end":{"line":70,"column":53}}],"line":70},"4":{"loc":{"start":{"line":73,"column":8},"end":{"line":75,"column":9}},"type":"if","locations":[{"start":{"line":73,"column":8},"end":{"line":75,"column":9}},{"start":{},"end":{}}],"line":73},"5":{"loc":{"start":{"line":78,"column":8},"end":{"line":84,"column":9}},"type":"if","locations":[{"start":{"line":78,"column":8},"end":{"line":84,"column":9}},{"start":{},"end":{}}],"line":78},"6":{"loc":{"start":{"line":80,"column":10},"end":{"line":82,"column":11}},"type":"if","locations":[{"start":{"line":80,"column":10},"end":{"line":82,"column":11}},{"start":{},"end":{}}],"line":80},"7":{"loc":{"start":{"line":99,"column":4},"end":{"line":112,"column":5}},"type":"if","locations":[{"start":{"line":99,"column":4},"end":{"line":112,"column":5}},{"start":{},"end":{}}],"line":99},"8":{"loc":{"start":{"line":100,"column":6},"end":{"line":111,"column":7}},"type":"if","locations":[{"start":{"line":100,"column":6},"end":{"line":111,"column":7}},{"start":{"line":106,"column":13},"end":{"line":111,"column":7}}],"line":100},"9":{"loc":{"start":{"line":100,"column":10},"end":{"line":100,"column":53}},"type":"binary-expr","locations":[{"start":{"line":100,"column":10},"end":{"line":100,"column":30}},{"start":{"line":100,"column":34},"end":{"line":100,"column":53}}],"line":100},"10":{"loc":{"start":{"line":102,"column":8},"end":{"line":104,"column":9}},"type":"if","locations":[{"start":{"line":102,"column":8},"end":{"line":104,"column":9}},{"start":{},"end":{}}],"line":102},"11":{"loc":{"start":{"line":107,"column":8},"end":{"line":110,"column":9}},"type":"if","locations":[{"start":{"line":107,"column":8},"end":{"line":110,"column":9}},{"start":{},"end":{}}],"line":107},"12":{"loc":{"start":{"line":145,"column":4},"end":{"line":155,"column":5}},"type":"if","locations":[{"start":{"line":145,"column":4},"end":{"line":155,"column":5}},{"start":{},"end":{}}],"line":145},"13":{"loc":{"start":{"line":146,"column":6},"end":{"line":154,"column":7}},"type":"if","locations":[{"start":{"line":146,"column":6},"end":{"line":154,"column":7}},{"start":{"line":149,"column":13},"end":{"line":154,"column":7}}],"line":146},"14":{"loc":{"start":{"line":146,"column":10},"end":{"line":146,"column":56}},"type":"binary-expr","locations":[{"start":{"line":146,"column":10},"end":{"line":146,"column":30}},{"start":{"line":146,"column":34},"end":{"line":146,"column":56}}],"line":146},"15":{"loc":{"start":{"line":150,"column":8},"end":{"line":153,"column":9}},"type":"if","locations":[{"start":{"line":150,"column":8},"end":{"line":153,"column":9}},{"start":{},"end":{}}],"line":150},"16":{"loc":{"start":{"line":166,"column":4},"end":{"line":176,"column":5}},"type":"if","locations":[{"start":{"line":166,"column":4},"end":{"line":176,"column":5}},{"start":{},"end":{}}],"line":166},"17":{"loc":{"start":{"line":167,"column":6},"end":{"line":175,"column":7}},"type":"if","locations":[{"start":{"line":167,"column":6},"end":{"line":175,"column":7}},{"start":{"line":170,"column":13},"end":{"line":175,"column":7}}],"line":167},"18":{"loc":{"start":{"line":167,"column":10},"end":{"line":167,"column":56}},"type":"binary-expr","locations":[{"start":{"line":167,"column":10},"end":{"line":167,"column":30}},{"start":{"line":167,"column":34},"end":{"line":167,"column":56}}],"line":167},"19":{"loc":{"start":{"line":171,"column":8},"end":{"line":174,"column":9}},"type":"if","locations":[{"start":{"line":171,"column":8},"end":{"line":174,"column":9}},{"start":{},"end":{}}],"line":171}},"s":{"0":8,"1":8,"2":8,"3":8,"4":8,"5":1,"6":1,"7":1,"8":0,"9":8,"10":0,"11":0,"12":0,"13":0,"14":8,"15":2,"16":2,"17":1,"18":0,"19":1,"20":1,"21":8,"22":0,"23":0,"24":0,"25":0,"26":0,"27":8,"28":0,"29":0,"30":0,"31":0,"32":0,"33":0,"34":0,"35":0,"36":0,"37":0,"38":0,"39":0,"40":0,"41":0,"42":0,"43":8,"44":0,"45":0,"46":0,"47":0,"48":0,"49":0,"50":0,"51":0,"52":0,"53":0,"54":0,"55":0,"56":8,"57":0,"58":0,"59":0,"60":0,"61":0,"62":8,"63":0,"64":0,"65":0,"66":0,"67":0,"68":8,"69":0,"70":0,"71":0,"72":0,"73":0,"74":0,"75":0,"76":0,"77":0,"78":0,"79":0,"80":8,"81":0,"82":0,"83":0,"84":0,"85":0,"86":0,"87":0,"88":0,"89":0,"90":0,"91":0,"92":8},"f":{"0":1,"1":0,"2":2,"3":0,"4":0,"5":0,"6":0,"7":0,"8":0,"9":0},"b":{"0":[0,1],"1":[0,0],"2":[0,0],"3":[0,0],"4":[0,0],"5":[0,0],"6":[0,0],"7":[0,0],"8":[0,0],"9":[0,0],"10":[0,0],"11":[0,0],"12":[0,0],"13":[0,0],"14":[0,0],"15":[0,0],"16":[0,0],"17":[0,0],"18":[0,0],"19":[0,0]},"_coverageSchema":"1a1c01bbd47fc00a2c39e90264f33305004495a9","hash":"83e5e5efbbbbdd98b5e13ef5001169b2200637a2"}
,"B:\\Projekt\\pawsome_care\\backend\\endpoints\\forum\\ForumService.js": {"path":"B:\\Projekt\\pawsome_care\\backend\\endpoints\\forum\\ForumService.js","statementMap":{"0":{"start":{"line":2,"column":13},"end":{"line":2,"column":36}},"1":{"start":{"line":6,"column":19},"end":{"line":6,"column":36}},"2":{"start":{"line":7,"column":2},"end":{"line":7,"column":17}},"3":{"start":{"line":12,"column":2},"end":{"line":17,"column":3}},"4":{"start":{"line":13,"column":18},"end":{"line":13,"column":57}},"5":{"start":{"line":14,"column":4},"end":{"line":14,"column":17}},"6":{"start":{"line":16,"column":4},"end":{"line":16,"column":33}},"7":{"start":{"line":22,"column":2},"end":{"line":30,"column":3}},"8":{"start":{"line":23,"column":17},"end":{"line":23,"column":44}},"9":{"start":{"line":24,"column":4},"end":{"line":26,"column":5}},"10":{"start":{"line":25,"column":6},"end":{"line":25,"column":40}},"11":{"start":{"line":27,"column":4},"end":{"line":27,"column":16}},"12":{"start":{"line":29,"column":4},"end":{"line":29,"column":33}},"13":{"start":{"line":35,"column":18},"end":{"line":35,"column":32}},"14":{"start":{"line":36,"column":2},"end":{"line":36,"column":30}},"15":{"start":{"line":42,"column":2},"end":{"line":50,"column":3}},"16":{"start":{"line":43,"column":24},"end":{"line":43,"column":66}},"17":{"start":{"line":44,"column":4},"end":{"line":46,"column":5}},"18":{"start":{"line":45,"column":6},"end":{"line":45,"column":40}},"19":{"start":{"line":47,"column":4},"end":{"line":47,"column":23}},"20":{"start":{"line":49,"column":4},"end":{"line":49,"column":33}},"21":{"start":{"line":54,"column":2},"end":{"line":60,"column":3}},"22":{"start":{"line":55,"column":19},"end":{"line":55,"column":44}},"23":{"start":{"line":56,"column":6},"end":{"line":59,"column":7}},"24":{"start":{"line":57,"column":10},"end":{"line":57,"column":38}},"25":{"start":{"line":58,"column":10},"end":{"line":58,"column":34}},"26":{"start":{"line":64,"column":2},"end":{"line":70,"column":3}},"27":{"start":{"line":65,"column":19},"end":{"line":65,"column":44}},"28":{"start":{"line":66,"column":6},"end":{"line":69,"column":7}},"29":{"start":{"line":67,"column":10},"end":{"line":67,"column":34}},"30":{"start":{"line":68,"column":10},"end":{"line":68,"column":34}},"31":{"start":{"line":75,"column":2},"end":{"line":83,"column":3}},"32":{"start":{"line":76,"column":24},"end":{"line":76,"column":60}},"33":{"start":{"line":77,"column":4},"end":{"line":79,"column":5}},"34":{"start":{"line":78,"column":6},"end":{"line":78,"column":40}},"35":{"start":{"line":80,"column":4},"end":{"line":80,"column":23}},"36":{"start":{"line":82,"column":4},"end":{"line":82,"column":33}},"37":{"start":{"line":88,"column":2},"end":{"line":98,"column":3}},"38":{"start":{"line":89,"column":17},"end":{"line":89,"column":44}},"39":{"start":{"line":90,"column":4},"end":{"line":92,"column":5}},"40":{"start":{"line":91,"column":6},"end":{"line":91,"column":40}},"41":{"start":{"line":93,"column":4},"end":{"line":93,"column":35}},"42":{"start":{"line":94,"column":4},"end":{"line":94,"column":22}},"43":{"start":{"line":95,"column":4},"end":{"line":95,"column":16}},"44":{"start":{"line":97,"column":4},"end":{"line":
[...]
,"B:\\Projekt\\pawsome_care\\backend\\endpoints\\userProfile\\review\\ReviewService.js": {"path":"B:\\Projekt\\pawsome_care\\backend\\endpoints\\userProfile\\review\\ReviewService.js","statementMap":{"0":{"start":{"line":1,"column":15},"end":{"line":1,"column":39}},"1":{"start":{"line":2,"column":20},"end":{"line":2,"column":50}},"2":{"start":{"line":3,"column":16},"end":{"line":3,"column":53}},"3":{"start":{"line":15,"column":17},"end":{"line":18,"column":13}},"4":{"start":{"line":21,"column":4},"end":{"line":23,"column":5}},"5":{"start":{"line":22,"column":8},"end":{"line":22,"column":55}},"6":{"start":{"line":24,"column":4},"end":{"line":24,"column":16}},"7":{"start":{"line":36,"column":40},"end":{"line":36,"column":44}},"8":{"start":{"line":39,"column":4},"end":{"line":41,"column":5}},"9":{"start":{"line":40,"column":8},"end":{"line":40,"column":45}},"10":{"start":{"line":42,"column":4},"end":{"line":44,"column":5}},"11":{"start":{"line":43,"column":8},"end":{"line":43,"column":46}},"12":{"start":{"line":45,"column":4},"end":{"line":47,"column":5}},"13":{"start":{"line":46,"column":8},"end":{"line":46,"column":42}},"14":{"start":{"line":50,"column":24},"end":{"line":50,"column":76}},"15":{"start":{"line":51,"column":4},"end":{"line":53,"column":5}},"16":{"start":{"line":52,"column":8},"end":{"line":52,"column":59}},"17":{"start":{"line":56,"column":17},"end":{"line":63,"column":6}},"18":{"start":{"line":64,"column":4},"end":{"line":64,"column":16}},"19":{"start":{"line":76,"column":59},"end":{"line":76,"column":63}},"20":{"start":{"line":79,"column":4},"end":{"line":81,"column":5}},"21":{"start":{"line":80,"column":8},"end":{"line":80,"column":45}},"22":{"start":{"line":82,"column":4},"end":{"line":84,"column":5}},"23":{"start":{"line":83,"column":8},"end":{"line":83,"column":46}},"24":{"start":{"line":85,"column":4},"end":{"line":87,"column":5}},"25":{"start":{"line":86,"column":8},"end":{"line":86,"column":42}},"26":{"start":{"line":88,"column":4},"end":{"line":90,"column":5}},"27":{"start":{"line":89,"column":8},"end":{"line":89,"column":47}},"28":{"start":{"line":91,"column":4},"end":{"line":93,"column":5}},"29":{"start":{"line":92,"column":8},"end":{"line":92,"column":44}},"30":{"start":{"line":96,"column":4},"end":{"line":98,"column":5}},"31":{"start":{"line":97,"column":8},"end":{"line":97,"column":58}},"32":{"start":{"line":101,"column":24},"end":{"line":101,"column":76}},"33":{"start":{"line":102,"column":4},"end":{"line":104,"column":5}},"34":{"start":{"line":103,"column":8},"end":{"line":103,"column":59}},"35":{"start":{"line":107,"column":20},"end":{"line":107,"column":60}},"36":{"start":{"line":108,"column":4},"end":{"line":110,"column":5}},"37":{"start":{"line":109,"column":8},"end":{"line":109,"column":45}},"38":{"start":{"line":111,"column":4},"end":{"line":113,"column":5}},"39":{"start":{"line":112,"column":8},"end":{"line":112,"column":75}},"40":{"start":{"line":116,"column":17},"end":{"line":123,"column":6}},"41":{"start":{"line":126,"column":4},"end":{"line":126,"column":58}},"42":{"start":{"line":127,"column":4},"end":{"line":127,"column":129}},"43":{"start":{"line":128,"column":4},"end":{"line":128,"column":29}},"44":{"start":{"line":131,"column":4},"end":{"line":131,"column":28}},"45":{"start":{"line":132,"column":4},"end":{"line":132,"column":25}},"46":{"start":{"line":134,"column":4},"end":{"line":134,"column":16}},"47":{"start":{"line":147,"column":38},"end":{"line":147,"column":42}},"48":{"start":{"line":150,"column":4},"end":{"line":152,"column":5}},"49":{"start":{"line":151,"column":8},"end":{"line":151,"column":40}},"50":{"start":{"line":153,"column":4},"end":{"line":155,"column":5}},"51":{"start":{"line":154,"column":8},"end":{"line":154,"column":45}},"52":{"start":{"line":158,"column":17},"end":{"line":158,"column":49}},"53":{"start":{"line":159,"column":4},"end":{"line":161,"column":5}},"54":{"start":{"line":160,"column":8},"end":{"line":160,"column":54}},"55":{"start":{"line":164,"column":4},"end":{"line":166,"column":5}},"56":{"start":{"line":165,"column":8},"end":{"line":165,"column":60}},"57":{"start":{"line":169,"column":4},"end":{"line":169,"column":31}},"58":{"start":{"line":169,"column":14},"end":{"line":169,"column":31}},"59":{"start":{"line":172,"column":4},"end":{"line":192,"column":5}},"60":{"start":{"line":175,"column":8},"end":{"line":177,"column":9}},"61":{"start":{"line":176,"column":12},"end":{"line":176,"column":48}},"62":{"start":{"line":180,"column":8},"end":{"line":182,"column":9}},"63":{"start":{"line":181,"column":12},"end":{"line":181,"column":62}},"64":{"start":{"line":185,"column":26},"end":{"line":185,"column":37}},"65":{"start":{"line":186,"column":8},"end":{"line":186,"column":29}},"66":{"start":{"line":189,"column":28},"end":{"line":189,"column":85}},"67":{"start":{"line":190,"column":8},"end":{"line":190,"column":139}},"68":{"start":{"line":191,"column":8},"end":{"line":191,"column":32}},"69":{"start":{"line":195,"column":4},"end":{"line":195,"column":21}},"70":{"start":{"line":196,"column":4},"end":{"line":196,"column":16}},"71":{"start":{"line":209,"column":4},"end":{"line":211,"column":5}},"72":{"start":{"line":210,"column":8},"end":{"line":210,"column":40}},"73":{"start":{"line":212,"column":4},"end":{"line":214,"column":5}},"74":{"start":{"line":213,"column":8},"end":{"line":213,"column":44}},"75":{"start":{"line":217,"column":17},"end":{"line":217,"column":49}},"76":{"start":{"line":218,"column":4},"end":{"line":220,"column":5}},"77":{"start":{"line":219,"column":8},"end":{"line":219,"column":55}},"78":{"start":{"line":223,"column":22},"end":{"line":223,"column":67}},"79":{"start":{"line":224,"column":23},"end":{"line":224,"column":69}},"80":{"start":{"line":227,"column":4},"end":{"line":229,"column":5}},"81":{"start":{"line":228,"column":8},"end":{"line":228,"column":60}},"82":{"start":{"line":232,"column":4},"end":{"line":244,"column":5}},"83":{"start":{"line":233,"column":28},"end":{"line":233,"column":85}},"84":{"start":{"line":236,"column":8},"end":{"line":240,"column":9}},"85":{"start":{"line":237,"column":12},"end":{"line":237,"column":142}},"86":{"start":{"line":239,"column":12},"end":{"line":239,"column":42}},"87":{"start":{"line":241,"column":8},"end":{"line":241,"column":37}},"88":{"start":{"line":243,"column":8},"end":{"line":243,"column":33}},"89":{"start":{"line":247,"column":4},"end":{"line":247,"column":47}},"90":{"start":{"line":260,"column":30},"end":{"line":260,"column":34}},"91":{"start":{"line":263,"column":4},"end":{"line":265,"column":5}},"92":{"start":{"line":264,"column":8},"end":{"line":264,"column":40}},"93":{"start":{"line":266,"column":4},"end":{"line":268,"column":5}},"94":{"start":{"line":267,"column":8},"end":{"line":267,"column":45}},"95":{"start":{"line":271,"column":17},"end":{"line":271,"column":49}},"96":{"start":{"line":272,"column":4},"end":{"line":274,"column":5}},"97":{"start":{"line":273,"column":8},"end":{"line":273,"column":54}},"98":{"start":{"line":277,"column":4},"end":{"line":279,"column":5}},"99":{"start":{"line":278,"column":8},"end":{"line":278,"column":49}},"100":{"start":{"line":282,"column":4},"end":{"line":287,"column":5}},"101":{"start":{"line":283,"column":8},"end":{"line":283,"column":26}},"102":{"start":{"line":286,"column":8},"end":{"line":286,"column":36}},"103":{"start":{"line":290,"column":4},"end":{"line":290,"column":21}},"104":{"start":{"line":291,"column":4},"end":{"line":291,"column":16}},"105":{"start":{"line":296,"column":0},"end":{"line":303,"column":2}}},"fnMap":{"0":{"name":"getPostsByUser","decl":{"start":{"line":13,"column":15},"end":{"line":13,"column":29}},"loc":{"start":{"line":13,"column":34},"end":{"line":25,"column":1}},"line":13},"1":{"name":"createPost","decl":{"start":{"line":35,"column":15},"end":{"line":35,"column":25}},"loc":{"start":{"line":35,"column":32},"end":{"line":65,"column":1}},"line":35},"2":{"name":"createReview","decl":{"start":{"line":75,"column":15},"end":{"line":75,"column":27}},"loc":{"start":{"line":75,"column":34},"end":{"line":135,"column":1}},"line":75},"3":{"name":"updatePostOrReview","decl":{"start":{"line":146,"column":15},"end":{"line":146,"column":33}},"loc":{"start":{"line":146,"column":44},"end":{"line":197,"column":1}},"line":146},"4":{"name":"deletePostOrReview","decl":{"start":{"line":207,"column":15},"end":{"line":207,"column":33}},"loc":{"start":{"line":207,"column":46},"end":{"line":248,"column":1}},"line":207},"5":{"name":"createOrUpdateOrDeleteReply","decl":{"start":{"line":259,"column":15},"end":{"line":259,"column":42}},"loc":{"start":{"line":259,"column":53},"end":{"line":292,"column":1}},"line":259}},"branchMap":{"0":{"loc":{"start":{"line":21,"column":4},"end":{"line":23,"column":5}},"type":"if","locations":[{"start":{"line":21,"column":4},"end":{"line":23,"column":5}},{"start":{},"end":{}}],"line":21},"1":{"loc":{"start":{"line":21,"column":8},"end":{"line":21,"column":34}},"type":"binary-expr","locations":[{"start":{"line":21,"column":8},"end":{"line":21,"column":13}},{"start":{"line":21,"column":17},"end":{"line":21,"column":34}}],"line":21},"2":{"loc":{"start":{"line":39,"column":4},"end":{"line":41,"column":5}},"type":"if","locations":[{"start":{"line":39,"column":4},"end":{"line":41,"column":5}},{"start":{},"end":{}}],"line":39},"3":{"loc":{"start":{"line":42,"column":4},"end":{"line":44,"column":5}},"type":"if","locations":[{"start":{"line":42,"column":4},"end":{"line":44,"column":5}},{"start":{},"end":{}}],"line":42},"4":{"loc":{"start":{"line":45,"column":4},"end":{"line":47,"column":5}},"type":"if","locations":[{"start":{"line":45,"column":4},"end":{"line":47,"column":5}},{"start":{},"end":{}}],"line":45},"5":{"loc":{"start":{"line":51,"column":4},"end":{"line":53,"column":5}},"type":"if","locations":[{"start":{"line":51,"column":4},"end":{"line":53,"column":5}},{"start":{},"end":{}}],"line":51},"6":{"loc":{"start":{"line":79,"column":4},"end":{"line":81,"column":5}},"type":"if","locations":[{"start":{"line":79,"column":4},"end":{"line":81,"column":5}},{"start":{},"end":{}}],"line":79},"7":{"loc":{"start":{"line":82,"column":4},"end":{"line":84,"column":5}},"type":"if","locations":[{"start":{"line":82,"column":4},"end":{"line":84,"column":5}},{"start":{},"end":{}}],"line":82},"8":{"loc":{"start":{"line":85,"column":4},"end":{"line":87,"column":5}},"type":"if","locations":[{"start":{"line":85,"column":4},"end":{"line":87,"column":5}},{"start":{},"end":{}}],"line":85},"9":{"loc":{"start":{"line":88,"column":4},"end":{"line":90,"column":5}},"type":"if","locations":[{"start":{"line":88,"column":4},"end":{"line":90,"column":5}},{"start":{},"end":{}}],"line":88},"10":{"loc":{"start":{"line":91,"column":4},"end":{"line":93,"column":5}},"type":"if","locations":[{"start":{"line":91,"column":4},"end":{"line":93,"column":5}},{"start":{},"end":{}}],"line":91},"11":{"loc":{"start":{"line":96,"column":4},"end":{"line":98,"column":5}},"type":"if","locations":[{"start":{"line":96,"column":4},"end":{"line":98,"column":5}},{"start":{},"end":{}}],"line":96},"12":{"loc":{"start":{"line":96,"column":8},"end":{"line":96,"column":32}},"type":"binary-expr","locations":[{"start":{"line":96,"column":8},"end":{"line":96,"column":18}},{"start":{"line":96,"column":22},"end":{"line":96,"column":32}}],"line":96},"13":{"loc":{"start":{"line":102,"column":4},"end":{"line":104,"column":5}},"type":"if","locations":[{"start":{"line":102,"column":4},"end":{"line":104,"column":5}},{"start":{},"end":{}}],"line":102},"14":{"loc":{"start":{"line":108,"column":4},"end":{"line":110,"column":5}},"type":"if","locations":[{"start":{"line":108,"column":4},"end":{"line":110,"column":5}},{"start":{},"end":{}}],"line":108},"15":{"loc":{"start":{"line":111,"column":4},"end":{"line":113,"column":5}},"type":"if","locations":[{"start":{"line":111,"column":4},"end":{"line":113,"column":5}},{"start":{},"end":{}}],"line":111},"16":{"loc":{"start":{"line":150,"column":4},"end":{"line":152,"column":5}},"type":"if","locations":[{"start":{"line":150,"column":4},"end":{"line":152,"column":5}},{"start":{},"end":{}}],"line":150},"17":{"loc":{"start":{"line":153,"column":4},"end":{"line":155,"column":5}},"type":"if","locations":[{"start":{"line":153,"column":4},"end":{"line":155,"column":5}},{"start":{},"end":{}}],"line":153},"18":{"loc":{"start":{"line":159,"column":4},"end":{"line":161,"column":5}},"type":"if","locations":[{"start":{"line":159,"column":4},"end":{"line":161,"column":5}},{"start":{},"end":{}}],"line":159},"19":{"loc":{"start":{"line":164,"column":4},"end":{"line":166,"column":5}},"type":"if","locations":[{"start":{"line":164,"column":4},"end":{"line":166,"column":5}},{"start":{},"end":{}}],"line":164},"20":{"loc":{"start":{"line":169,"column":4},"end":{"line":169,"column":31}},"type":"if","locations":[{"start":{"line":169,"column":4},"end":{"line":169,"column":31}},{"start":{},"end":{}}],"line":169},"21":{"loc":{"start":{"line":172,"column":4},"end":{"line":192,"column":5}},"type":"if","locations":[{"start":{"line":172,"column":4},"end":{"line":192,"column":5}},{"start":{},"end":{}}],"line":172},"22":{"loc":{"start":{"line":175,"column":8},"end":{"line":177,"column":9}},"type":"if","locations":[{"start":{"line":175,"column":8},"end":{"line":177,"column":9}},{"start":{},"end":{}}],"line":175},"23":{"loc":{"start":{"line":180,"column":8},"end":{"line":182,"column":9}},"type":"if","locations":[{"start":{"line":180,"column":8},"end":{"line":182,"column":9}},{"start":{},"end":{}}],"line":180},"24":{"loc":{"start":{"line":180,"column":12},"end":{"line":180,"column":36}},"type":"binary-expr","locations":[{"start":{"line":180,"column":12},"end":{"line":180,"column":22}},{"start":{"line":180,"column":26},"end":{"line":180,"column":36}}],"line":180},"25":{"loc":{"start":{"line":209,"column":4},"end":{"line":211,"column":5}},"type":"if","locations":[{"start":{"line":209,"column":4},"end":{"line":211,"column":5}},{"start":{},"end":{}}],"line":209},"26":{"loc":{"start":{"line":212,"column":4},"end":{"line":214,"column":5}},"type":"if","locations":[{"start":{"line":212,"column":4},"end":{"line":214,"column":5}},{"start":{},"end":{}}],"line":212},"27":{"loc":{"start":{"line":218,"column":4},"end":{"line":220,"column":5}},"type":"if","locations":[{"start":{"line":218,"column":4},"end":{"line":220,"column":5}},{"start":{},"end":{}}],"line":218},"28":{"loc":{"start":{"line":227,"column":4},"end":{"line":229,"column":5}},"type":"if","locations":[{"start":{"line":227,"column":4},"end":{"line":229,"column":5}},{"start":{},"end":{}}],"line":227},"29":{"loc":{"start":{"line":227,"column":8},"end":{"line":227,"column":76}},"type":"binary-expr","locations":[{"start":{"line":227,"column":8},"end":{"line":227,"column":18}},{"start":{"line":227,"column":23},"end":{"line":227,"column":34}},{"start":{"line":227,"column":39},"end":{"line":227,"column":49}},{"start":{"line":227,"column":53},"end":{"line":227,"column":74}}],"line":227},"30":{"loc":{"start":{"line":232,"column":4},"end":{"line":244,"column":5}},"type":"if","locations":[{"start":{"line":232,"column":4},"end":{"line":244,"column":5}},{"start":{},"end":{}}],"line":232},"31":{"loc":{"start":{"line":232,"column":8},"end":{"line":232,"column":53}},"type":"binary-expr","locations":[{"start":{"line":232,"column":8},"end":{"line":232,"column":29}},{"start":{"line":232,"column":33},"end":{"line":232,"column":53}}],"line":232},"32":{"loc":{"start":{"line":236,"column":8},"end":{"line":240,"column":9}},"type":"if","locations":[{"start":{"line":236,"column":8},"end":{"line":240,"column":9}},{"start":{"line":238,"column":15},"end":{"line":240,"column":9}}],"line":236},"33":{"loc":{"start":{"line":263,"column":4},"end":{"line":265,"column":5}},"type":"if","locations":[{"start":{"line":263,"column":4},"end":{"line":265,"column":5}},{"start":{},"end":{}}],"line":263},"34":{"loc":{"start":{"line":266,"column":4},"end":{"line":268,"column":5}},"type":"if","locations":[{"start":{"line":266,"column":4},"end":{"line":268,"column":5}},{"start":{},"end":{}}],"line":266},"35":{"loc":{"start":{"line":272,"column":4},"end":{"line":274,"column":5}},"type":"if","locations":[{"start":{"line":272,"column":4},"end":{"line":274,"column":5}},{"start":{},"end":{}}],"line":272},"36":{"loc":{"start":{"line":277,"column":4},"end":{"line":279,"column":5}},"type":"if","locations":[{"start":{"line":277,"column":4},"end":{"line":279,"column":5}},{"start":{},"end":{}}],"line":277},"37":{"loc":{"start":{"line":282,"column":4},"end":{"line":287,"column":5}},"type":"if","locations":[{"start":{"line":282,"column":4},"end":{"line":287,"column":5}},{"start":{"line":285,"column":9},"end":{"line":287,"column":5}}],"line":282}},"s":{"0":8,"1":8,"2":8,"3":3,"4":3,"5":1,"6":2,"7":16,"8":16,"9":1,"10":15,"11":1,"12":14,"13":1,"14":13,"15":13,"16":1,"17":12,"18":12,"19":28,"20":28,"21":1,"22":27,"23":1,"24":26,"25":1,"26":25,"27":1,"28":24,"29":1,"30":23,"31":1,"32":22,"33":22,"34":1,"35":21,"36":21,"37":1,"38":20,"39":1,"40":19,"41":19,"42":19,"43":19,"44":19,"45":19,"46":19,"47":10,"48":10,"49":1,"50":9,"51":2,"52":7,"53":7,"54":1,"55":6,"56":1,"57":5,"58":2,"59":5,"60":4,"61":1,"62":3,"63":1,"64":2,"65":2,"66":2,"67":2,"68":2,"69":3,"70":3,"71":8,"72":1,"73":7,"74":1,"75":6,"76":6,"77":1,"78":5,"79":5,"80":5,"81":1,"82":4,"83":3,"84":3,"85":1,"86":2,"87":3,"88":3,"89":4,"90":10,"91":10,"92":1,"93":9,"94":1,"95":8,"96":8,"97":1,"98":7,"99":1,"100":6,"101":1,"102":5,"103":6,"104":6,"105":8},"f":{"0":3,"1":16,"2":28,"3":10,"4":8,"5":10},"b":{"0":[1,2],"1":[3,3],"2":[1,15],"3":[1,14],"4":[1,13],"5":[1,12],"6":[1,27],"7":[1,26],"8":[1,25],"9":[1,24],"10":[1,23],"11":[1,22],"12":[23,23],"13":[1,21],"14":[1,20],"15":[1,19],"16":[1,9],"17":[2,7],"18":[1,6],"19":[1,5],"20":[2,3],"21":[4,1],"22":[1,3],"23":[1,2],"24":[3,3],"25":[1,7],"26":[1,6],"27":[1,5],"28":[1,4],"29":[5,2,2,2],"30":[3,1],"31":[4,3],"32":[1,2],"33":[1,9],"34":[1,8],"35":[1,7],"36":[1,6],"37":[1,5]},"_coverageSchema":"1a1c01bbd47fc00a2c39e90264f33305004495a9","hash":"afaba42c6392e25e301abf27886ebfc853480d12"}
}
